start_time: 2020-09-09 22:30:55
Starting epoch 1/300.
/home/huangjq/PyCharmCode/4_project/1_UNet/B4_attUnetv5.1/utils/criterion.py:111: RuntimeWarning: invalid value encountered in true_divide
  acc_cls = np.diag(hist) / hist.sum(axis=1)
lr: 0.0001
Epoch finished ! Loss: 0.41607317485307393
train_acc:0.2896346504671523 || test_acc:0.4212498176570302
Starting epoch 2/300.
lr: 0.0001
Epoch finished ! Loss: 0.3382215597127613
train_acc:0.3033452797872229 || test_acc:0.33192907580349884
Starting epoch 3/300.
lr: 0.0001
Epoch finished ! Loss: 0.29145383803468
train_acc:0.33500823113368017 || test_acc:0.3778286719993014
Starting epoch 4/300.
lr: 0.0001
Epoch finished ! Loss: 0.2400217332338032
train_acc:0.3857928464533257 || test_acc:0.5437696540933187
Starting epoch 5/300.
lr: 0.0001
Epoch finished ! Loss: 0.19750496321602873
train_acc:0.4376494026073149 || test_acc:0.7343863292069478
Starting epoch 6/300.
lr: 0.0001
Epoch finished ! Loss: 0.16699919857476886
train_acc:0.4829535322118475 || test_acc:0.6160027671935817
Starting epoch 7/300.
lr: 0.0001
Epoch finished ! Loss: 0.14152356974388425
train_acc:0.5215114514888782 || test_acc:0.7873744595745017
Starting epoch 8/300.
lr: 0.0001
Epoch finished ! Loss: 0.11970391704847938
train_acc:0.5543188212424973 || test_acc:0.7911134609534318
Starting epoch 9/300.
lr: 0.0001
Epoch finished ! Loss: 0.10420394516304919
train_acc:0.5821303908619814 || test_acc:0.7763105993349184
Starting epoch 10/300.
lr: 0.0001
Epoch finished ! Loss: 0.09272701548118341
train_acc:0.6055976074000747 || test_acc:0.8170648217893031
Starting epoch 11/300.
lr: 0.0001
Epoch finished ! Loss: 0.08020539613146531
train_acc:0.6263375058260912 || test_acc:0.8183625832288123
Starting epoch 12/300.
lr: 0.0001
Epoch finished ! Loss: 0.0705928733278262
train_acc:0.644587895191193 || test_acc:0.7939334077141051
Starting epoch 13/300.
lr: 0.0001
Epoch finished ! Loss: 0.06325104844413305
train_acc:0.6608927678040233 || test_acc:0.8335817396013341
Starting epoch 14/300.
lr: 0.0001
Epoch finished ! Loss: 0.058946009686118676
train_acc:0.6752824367871896 || test_acc:0.8394012598109815
Starting epoch 15/300.
lr: 0.0001
Epoch finished ! Loss: 0.05134783142099255
train_acc:0.6887585146910691 || test_acc:0.8170953012463612
Starting epoch 16/300.
lr: 0.0001
Epoch finished ! Loss: 0.04804926149939236
train_acc:0.7008751925780697 || test_acc:0.8127634920591621
Starting epoch 17/300.
lr: 0.0001
Epoch finished ! Loss: 0.04379825086185807
train_acc:0.7121055090483511 || test_acc:0.8587416451097106
Starting epoch 18/300.
lr: 0.0001
Epoch finished ! Loss: 0.041384897988877796
train_acc:0.7223800815668456 || test_acc:0.8259664716026927
Starting epoch 19/300.
lr: 0.0001
Epoch finished ! Loss: 0.04062260201102809
train_acc:0.7316304903126439 || test_acc:0.8539929464331634
Starting epoch 20/300.
lr: 0.0001
Epoch finished ! Loss: 0.03511390709563306
train_acc:0.7405804958607088 || test_acc:0.8595581889210059
Checkpoint 20 saved !
Starting epoch 21/300.
lr: 0.0001
Epoch finished ! Loss: 0.03287369259878209
train_acc:0.7489540441247804 || test_acc:0.8645132644310328
Starting epoch 22/300.
lr: 0.0001
Epoch finished ! Loss: 0.029169041830066002
train_acc:0.7569775666729102 || test_acc:0.8641621025700335
Starting epoch 23/300.
lr: 0.0001
Epoch finished ! Loss: 0.02869704502977823
train_acc:0.7643688573556963 || test_acc:0.8575070085608197
Starting epoch 24/300.
lr: 0.0001
Epoch finished ! Loss: 0.026348778713298472
train_acc:0.771379579541438 || test_acc:0.8600461322561059
Starting epoch 25/300.
lr: 0.0001
Epoch finished ! Loss: 0.024524101350260407
train_acc:0.7780083541053014 || test_acc:0.8696917226659021
Starting epoch 26/300.
lr: 0.0001
Epoch finished ! Loss: 0.021911745018472796
train_acc:0.7843627124430962 || test_acc:0.8715192203262593
Starting epoch 27/300.
lr: 0.0001
Epoch finished ! Loss: 0.021322290854234444
train_acc:0.7902982768250271 || test_acc:0.8673749212649775
Starting epoch 28/300.
lr: 0.0001
Epoch finished ! Loss: 0.019745102416920034
train_acc:0.7959720691235693 || test_acc:0.8664078695425087
Starting epoch 29/300.
lr: 0.0001
Epoch finished ! Loss: 0.018649919831046934
train_acc:0.8013388960758002 || test_acc:0.8711909045076662
Starting epoch 30/300.
lr: 0.0001
Epoch finished ! Loss: 0.017296405401276915
train_acc:0.8064700647155427 || test_acc:0.8739015491756564
Starting epoch 31/300.
lr: 0.0001
Epoch finished ! Loss: 0.015529039747228747
train_acc:0.8114144665952948 || test_acc:0.8742049064635246
Starting epoch 32/300.
lr: 0.0001
Epoch finished ! Loss: 0.014039904006609791
train_acc:0.8161517030902118 || test_acc:0.8753083084418687
Starting epoch 33/300.
lr: 0.0001
Epoch finished ! Loss: 0.013287574386126117
train_acc:0.8206554307436352 || test_acc:0.8751243637330766
Starting epoch 34/300.
lr: 9.5e-05
Epoch finished ! Loss: 0.013347635918149822
train_acc:0.8248762858392104 || test_acc:0.8775144032760344
Starting epoch 35/300.
lr: 9.025e-05
Epoch finished ! Loss: 0.014030029874687133
train_acc:0.8288152124309309 || test_acc:0.8762962383259894
Starting epoch 36/300.
lr: 9.025e-05
Epoch finished ! Loss: 0.011416570602082893
train_acc:0.8327095636456663 || test_acc:0.8791224336684701
Starting epoch 37/300.
lr: 9.025e-05
Epoch finished ! Loss: 0.01124527558782383
train_acc:0.8364005406672672 || test_acc:0.8774252295480539
Starting epoch 38/300.
lr: 9.025e-05
Epoch finished ! Loss: 0.010187499230041315
train_acc:0.8399727061838645 || test_acc:0.8782018096601472
Starting epoch 39/300.
lr: 9.025e-05
Epoch finished ! Loss: 0.009917015381353466
train_acc:0.8433752022570783 || test_acc:0.8796665288792558
Starting epoch 40/300.
lr: 9.025e-05
Epoch finished ! Loss: 0.009330410892634016
train_acc:0.8466375362482966 || test_acc:0.8789445309258846
Checkpoint 40 saved !
Starting epoch 41/300.
lr: 9.025e-05
Epoch finished ! Loss: 0.00881589174172596
train_acc:0.8497655631693805 || test_acc:0.877815901516344
Starting epoch 42/300.
lr: 9.025e-05
Epoch finished ! Loss: 0.008610018401553756
train_acc:0.8527707932314053 || test_acc:0.8777448365948152
Starting epoch 43/300.
lr: 8.573749999999999e-05
Epoch finished ! Loss: 0.008931126911193132
train_acc:0.8556235805249452 || test_acc:0.8784726522097279
Starting epoch 44/300.
lr: 8.573749999999999e-05
Epoch finished ! Loss: 0.008399419599261724
train_acc:0.8583667458854196 || test_acc:0.8709526082992303
Starting epoch 45/300.
lr: 8.573749999999999e-05
Epoch finished ! Loss: 0.008037839829921723
train_acc:0.8610047516940782 || test_acc:0.8790572795620035
Starting epoch 46/300.
lr: 8.145062499999998e-05
Epoch finished ! Loss: 0.008104323654582626
train_acc:0.8635423088372635 || test_acc:0.8790413477476938
Starting epoch 47/300.
lr: 8.145062499999998e-05
Epoch finished ! Loss: 0.007653535657415265
train_acc:0.8659828336462845 || test_acc:0.8784612537930317
Starting epoch 48/300.
lr: 8.145062499999998e-05
Epoch finished ! Loss: 0.007023787885708244
train_acc:0.868344260687048 || test_acc:0.8772581719176843
Starting epoch 49/300.
lr: 7.737809374999998e-05
Epoch finished ! Loss: 0.007207467421693237
train_acc:0.870607260780448 || test_acc:0.8792537923760844
Starting epoch 50/300.
lr: 7.350918906249998e-05
Epoch finished ! Loss: 0.007420662562607935
train_acc:0.8727868950092301 || test_acc:0.8780716546214142
Starting epoch 51/300.
lr: 7.350918906249998e-05
Epoch finished ! Loss: 0.006736528912657185
train_acc:0.8748880376438883 || test_acc:0.8785109287634222
Starting epoch 52/300.
lr: 7.350918906249998e-05
Epoch finished ! Loss: 0.006395293350674604
train_acc:0.8769188845265554 || test_acc:0.8790944956805454
Starting epoch 53/300.
lr: 6.983372960937497e-05
Epoch finished ! Loss: 0.006647920064432056
train_acc:0.8788747518978567 || test_acc:0.8774914732840118
Starting epoch 54/300.
lr: 6.634204312890622e-05
Epoch finished ! Loss: 0.006640208615480285
train_acc:0.8807666676782899 || test_acc:0.8786844581020514
Starting epoch 55/300.
lr: 6.634204312890622e-05
Epoch finished ! Loss: 0.006080993975659734
train_acc:0.8825948876785733 || test_acc:0.8781044436367997
Starting epoch 56/300.
lr: 6.634204312890622e-05
Epoch finished ! Loss: 0.005784626466859328
train_acc:0.8843699268608618 || test_acc:0.8770834897955165
Starting epoch 57/300.
lr: 6.30249409724609e-05
Epoch finished ! Loss: 0.006057278777619726
train_acc:0.8860745966550373 || test_acc:0.8781730397166813
Starting epoch 58/300.
lr: 5.987369392383786e-05
Epoch finished ! Loss: 0.0064056892315612025
train_acc:0.8877240393854933 || test_acc:0.878287030329176
Starting epoch 59/300.
lr: 5.688000922764596e-05
Epoch finished ! Loss: 0.005929998080491236
train_acc:0.8893228228251716 || test_acc:0.8774881302894835
Starting epoch 60/300.
lr: 5.688000922764596e-05
Epoch finished ! Loss: 0.0056078764953111345
train_acc:0.8908735693255925 || test_acc:0.8779135253362917
Checkpoint 60 saved !
Starting epoch 61/300.
lr: 5.4036008766263664e-05
Epoch finished ! Loss: 0.005678787771122236
train_acc:0.8923785449733297 || test_acc:0.8773780941758643
Starting epoch 62/300.
lr: 5.4036008766263664e-05
Epoch finished ! Loss: 0.00558765352654614
train_acc:0.8938344001778373 || test_acc:0.8767857934272363
Starting epoch 63/300.
lr: 5.133420832795048e-05
Epoch finished ! Loss: 0.005729653326010233
train_acc:0.895244467081664 || test_acc:0.8769542772797567
Starting epoch 64/300.
lr: 5.133420832795048e-05
Epoch finished ! Loss: 0.005442041795896856
train_acc:0.8966135698644241 || test_acc:0.8780258403190095
Starting epoch 65/300.
lr: 5.133420832795048e-05
Epoch finished ! Loss: 0.005270108083066972
train_acc:0.8979481233324301 || test_acc:0.8776914112342966
Starting epoch 66/300.
lr: 5.133420832795048e-05
Epoch finished ! Loss: 0.005001718962663098
train_acc:0.8992455653891271 || test_acc:0.8778065049498572
Starting epoch 67/300.
lr: 5.133420832795048e-05
Epoch finished ! Loss: 0.004885640909503165
train_acc:0.9005077132604361 || test_acc:0.8771509848580222
Starting epoch 68/300.
lr: 4.876749791155295e-05
Epoch finished ! Loss: 0.005550391653454618
train_acc:0.9017249371926682 || test_acc:0.8773596928441548
Starting epoch 69/300.
lr: 4.6329123015975305e-05
Epoch finished ! Loss: 0.005085481960620535
train_acc:0.9029131786125574 || test_acc:0.8779046469731548
Starting epoch 70/300.
lr: 4.6329123015975305e-05
Epoch finished ! Loss: 0.004730607532454949
train_acc:0.9040727900551345 || test_acc:0.8778096530926
Starting epoch 71/300.
lr: 4.4012666865176535e-05
Epoch finished ! Loss: 0.004840727434738686
train_acc:0.9051976732461563 || test_acc:0.8773002761548006
Starting epoch 72/300.
lr: 4.181203352191771e-05
Epoch finished ! Loss: 0.004984868462442568
train_acc:0.9062917447519747 || test_acc:0.8779739577537444
Starting epoch 73/300.
lr: 4.181203352191771e-05
Epoch finished ! Loss: 0.00445783187537209
train_acc:0.9073612995199707 || test_acc:0.8776676106241553
Starting epoch 74/300.
lr: 3.972143184582182e-05
Epoch finished ! Loss: 0.004761415974874245
train_acc:0.9083998712452822 || test_acc:0.8769243173290528
Starting epoch 75/300.
lr: 3.7735360253530726e-05
Epoch finished ! Loss: 0.0048000096637559565
train_acc:0.909412101780635 || test_acc:0.8773128499658617
Starting epoch 76/300.
lr: 3.584859224085419e-05
Epoch finished ! Loss: 0.004696802488577209
train_acc:0.9103945350571871 || test_acc:0.87681101380919
Starting epoch 77/300.
lr: 3.405616262881148e-05
Epoch finished ! Loss: 0.00448453483220778
train_acc:0.9113585812230971 || test_acc:0.87716790260695
Starting epoch 78/300.
lr: 3.2353354497370904e-05
Epoch finished ! Loss: 0.004702915145868534
train_acc:0.9122944178286713 || test_acc:0.8767283341916965
Starting epoch 79/300.
lr: 3.0735686772502355e-05
Epoch finished ! Loss: 0.005042471396001546
train_acc:0.9132081131952303 || test_acc:0.8775917477739171
Starting epoch 80/300.
lr: 3.0735686772502355e-05
Epoch finished ! Loss: 0.004206556314602494
train_acc:0.9141012133944564 || test_acc:0.8768607239802996
Checkpoint 80 saved !
Starting epoch 81/300.
lr: 2.9198902433877236e-05
Epoch finished ! Loss: 0.004797700802354437
train_acc:0.9149716669930743 || test_acc:0.877032429872806
Starting epoch 82/300.
lr: 2.7738957312183373e-05
Epoch finished ! Loss: 0.004753039988051904
train_acc:0.9158204822201914 || test_acc:0.876920802643623
Starting epoch 83/300.
lr: 2.6352009446574204e-05
Epoch finished ! Loss: 0.004722668255042088
train_acc:0.9166471711766649 || test_acc:0.8768543489319769
Starting epoch 84/300.
lr: 2.5034408974245492e-05
Epoch finished ! Loss: 0.00428447784414809
train_acc:0.9174605032840217 || test_acc:0.8768780915259603
Starting epoch 85/300.
lr: 2.3782688525533216e-05
Epoch finished ! Loss: 0.004450520998063056
train_acc:0.9182542558256297 || test_acc:0.8768386399906264
Starting epoch 86/300.
lr: 2.2593554099256555e-05
Epoch finished ! Loss: 0.004216870420465344
train_acc:0.919030458101301 || test_acc:0.8770505283288629
Starting epoch 87/300.
lr: 2.1463876394293726e-05
Epoch finished ! Loss: 0.004644218842057806
train_acc:0.9197845292819135 || test_acc:0.8767625123593574
Starting epoch 88/300.
lr: 2.039068257457904e-05
Epoch finished ! Loss: 0.004639073841175751
train_acc:0.9205231740771508 || test_acc:0.8764767318330902
Starting epoch 89/300.
lr: 1.9371148445850086e-05
Epoch finished ! Loss: 0.0043848242046997735
train_acc:0.9212479095116786 || test_acc:0.8770898509619384
Starting epoch 90/300.
lr: 1.840259102355758e-05
Epoch finished ! Loss: 0.0044223765327938295
train_acc:0.9219549158080786 || test_acc:0.8766755885031456
Starting epoch 91/300.
lr: 1.74824614723797e-05
Epoch finished ! Loss: 0.004458539295745524
train_acc:0.9226479254720857 || test_acc:0.8771356765441893
Starting epoch 92/300.
lr: 1.6608338398760715e-05
Epoch finished ! Loss: 0.004306345121738942
train_acc:0.9233241307651169 || test_acc:0.8767013027982361
Starting epoch 93/300.
lr: 1.5777921478822678e-05
Epoch finished ! Loss: 0.004379014734570918
train_acc:0.9239887398626828 || test_acc:0.8768971736308799
Starting epoch 94/300.
lr: 1.4989025404881544e-05
Epoch finished ! Loss: 0.004387151040626984
train_acc:0.9246373810278818 || test_acc:0.8766191273997435
Starting epoch 95/300.
lr: 1.4989025404881544e-05
Epoch finished ! Loss: 0.004063763557688186
train_acc:0.9252761673835592 || test_acc:0.8765454637670176
Starting epoch 96/300.
lr: 1.4239574134637466e-05
Epoch finished ! Loss: 0.004342513661341448
train_acc:0.9258998776636354 || test_acc:0.8765064859384337
Starting epoch 97/300.
lr: 1.3527595427905592e-05
Epoch finished ! Loss: 0.004167613644446982
train_acc:0.9265117654718639 || test_acc:0.8766864504849073
Starting epoch 98/300.
lr: 1.3527595427905592e-05
Epoch finished ! Loss: 0.0036834954210606063
train_acc:0.9271137590390485 || test_acc:0.8765995834815278
Starting epoch 99/300.
lr: 1.2851215656510312e-05
Epoch finished ! Loss: 0.004499116069392154
train_acc:0.9277003104998176 || test_acc:0.876872696253765
Starting epoch 100/300.
lr: 1.2208654873684796e-05
Epoch finished ! Loss: 0.00443760399020424
train_acc:0.9282768088665955 || test_acc:0.8773857387951527
Checkpoint 100 saved !
Starting epoch 101/300.
lr: 1.1598222130000555e-05
Epoch finished ! Loss: 0.003972551878541708
train_acc:0.9288403088163484 || test_acc:0.8766064082167057
Starting epoch 102/300.
lr: 1.1018311023500527e-05
Epoch finished ! Loss: 0.004197004057565018
train_acc:0.9293934566668045 || test_acc:0.8765830274071755
Starting epoch 103/300.
lr: 1.04673954723255e-05
Epoch finished ! Loss: 0.004447049159850729
train_acc:0.9299352946235117 || test_acc:0.8767883404473501
Starting epoch 104/300.
lr: 9.944025698709225e-06
Epoch finished ! Loss: 0.004438194255099484
train_acc:0.9304652326678691 || test_acc:0.8768091204592272
Starting epoch 105/300.
lr: 9.446824413773763e-06
Epoch finished ! Loss: 0.004226234717000472
train_acc:0.9309891253870466 || test_acc:0.8768413431737895
Starting epoch 106/300.
lr: 8.974483193085074e-06
Epoch finished ! Loss: 0.0042401578056773075
train_acc:0.9315013460881837 || test_acc:0.8767989296981812
Starting epoch 107/300.
lr: 8.52575903343082e-06
Epoch finished ! Loss: 0.004128736902126356
train_acc:0.932005755992729 || test_acc:0.8771465916492343
Starting epoch 108/300.
lr: 8.09947108175928e-06
Epoch finished ! Loss: 0.004093255859946734
train_acc:0.9324981300053475 || test_acc:0.8762427432529794
Starting epoch 109/300.
lr: 7.694497527671315e-06
Epoch finished ! Loss: 0.00449020051838536
train_acc:0.9329813595466274 || test_acc:0.876282694295975
Starting epoch 110/300.
lr: 7.309772651287749e-06
Epoch finished ! Loss: 0.004240516056061575
train_acc:0.9334582260450135 || test_acc:0.8762784846960768
Starting epoch 111/300.
lr: 6.944284018723361e-06
Epoch finished ! Loss: 0.004037517657209384
train_acc:0.9339274341229327 || test_acc:0.8765977914764069
Starting epoch 112/300.
lr: 6.597069817787193e-06
Epoch finished ! Loss: 0.0041331269606751835
train_acc:0.9343876087310108 || test_acc:0.8769870633960927
Starting epoch 113/300.
lr: 6.267216326897833e-06
Epoch finished ! Loss: 0.0040113697049060934
train_acc:0.9348400054114906 || test_acc:0.8770983552616934
Starting epoch 114/300.
lr: 5.953855510552941e-06
Epoch finished ! Loss: 0.004090856971513284
train_acc:0.9352832077506004 || test_acc:0.8763092103394678
Starting epoch 115/300.
lr: 5.6561627350252934e-06
Epoch finished ! Loss: 0.004525272366835883
train_acc:0.9357177266123137 || test_acc:0.8766212849010634
Starting epoch 116/300.
lr: 5.373354598274029e-06
Epoch finished ! Loss: 0.0037907397448036233
train_acc:0.9361465060661929 || test_acc:0.8757417853446607
Starting epoch 117/300.
lr: 5.373354598274029e-06
Epoch finished ! Loss: 0.0036103885743374886
train_acc:0.9365717657116637 || test_acc:0.8768272285684332
Starting epoch 118/300.
lr: 5.104686868360327e-06
Epoch finished ! Loss: 0.004106696151000889
train_acc:0.9369860966016064 || test_acc:0.8764086224216462
Starting epoch 119/300.
lr: 4.84945252494231e-06
Epoch finished ! Loss: 0.0038954857442724078
train_acc:0.9373947607704594 || test_acc:0.8767677581664814
Starting epoch 120/300.
lr: 4.6069798986951945e-06
Epoch finished ! Loss: 0.003947385488764236
train_acc:0.9377963493330987 || test_acc:0.8767838766483522
Checkpoint 120 saved !
Starting epoch 121/300.
lr: 4.3766309037604346e-06
Epoch finished ! Loss: 0.004171357801380126
train_acc:0.9381900915123316 || test_acc:0.8767672563316651
Starting epoch 122/300.
lr: 4.157799358572413e-06
Epoch finished ! Loss: 0.0038917328525138527
train_acc:0.9385785907937054 || test_acc:0.8762949760653118
Starting epoch 123/300.
lr: 3.949909390643792e-06
Epoch finished ! Loss: 0.00394489076233616
train_acc:0.9389598786059787 || test_acc:0.875998089592546
Starting epoch 124/300.
lr: 3.7524139211116024e-06
Epoch finished ! Loss: 0.003872002352421221
train_acc:0.9393376521217545 || test_acc:0.8769642015129498
Starting epoch 125/300.
lr: 3.564793225056022e-06
Epoch finished ! Loss: 0.004168992362132198
train_acc:0.9397076435109105 || test_acc:0.876833662344817
Starting epoch 126/300.
lr: 3.3865535638032207e-06
Epoch finished ! Loss: 0.003915556326606556
train_acc:0.9400706416748119 || test_acc:0.8763252794736307
Starting epoch 127/300.
lr: 3.2172258856130596e-06
Epoch finished ! Loss: 0.0039883499891546215
train_acc:0.9404294645055611 || test_acc:0.8766880736066105
Starting epoch 128/300.
lr: 3.0563645913324067e-06
Epoch finished ! Loss: 0.003917326653180154
train_acc:0.9407832651829877 || test_acc:0.87688017914541
Starting epoch 129/300.
lr: 2.903546361765786e-06
Epoch finished ! Loss: 0.003810695423989704
train_acc:0.941130925527459 || test_acc:0.8763531984588001
Starting epoch 130/300.
lr: 2.7583690436774965e-06
Epoch finished ! Loss: 0.004438643037390552
train_acc:0.9414714292598426 || test_acc:0.8759270734666024
Starting epoch 131/300.
lr: 2.6204505914936218e-06
Epoch finished ! Loss: 0.004207624526890485
train_acc:0.9418072594423399 || test_acc:0.8754536597941086
Starting epoch 132/300.
lr: 2.4894280619189404e-06
Epoch finished ! Loss: 0.0044437090939793145
train_acc:0.9421376729996104 || test_acc:0.8761073828139108
Starting epoch 133/300.
lr: 2.3649566588229932e-06
Epoch finished ! Loss: 0.004049747672520186
train_acc:0.9424644260930966 || test_acc:0.8763353162784574
Starting epoch 134/300.
lr: 2.2467088258818436e-06
Epoch finished ! Loss: 0.004095535441056678
train_acc:0.942786736361407 || test_acc:0.8766682428887673
Starting epoch 135/300.
lr: 2.1343733845877514e-06
Epoch finished ! Loss: 0.004160811350141701
train_acc:0.9431020845411351 || test_acc:0.8769173047740721
Starting epoch 136/300.
lr: 2.027654715358364e-06
Epoch finished ! Loss: 0.003958102658783135
train_acc:0.9434151527317015 || test_acc:0.8768422626841159
Starting epoch 137/300.
lr: 1.9262719795904457e-06
Epoch finished ! Loss: 0.00394832049251387
train_acc:0.9437228242287977 || test_acc:0.8766354849998269
Starting epoch 138/300.
lr: 1.8299583806109232e-06
Epoch finished ! Loss: 0.004074896129436399
train_acc:0.9440262228528984 || test_acc:0.8765108950825661
Starting epoch 139/300.
lr: 1.738460461580377e-06
Epoch finished ! Loss: 0.004322547140825344
train_acc:0.9443235794343511 || test_acc:0.8760449344932133
Starting epoch 140/300.
lr: 1.651537438501358e-06
Epoch finished ! Loss: 0.004035711660981179
train_acc:0.9446172161159575 || test_acc:0.8767889040179832
Checkpoint 140 saved !
Starting epoch 141/300.
lr: 1.5689605665762901e-06
Epoch finished ! Loss: 0.0038645179256012567
train_acc:0.9449089701939393 || test_acc:0.8768193479259981
Starting epoch 142/300.
lr: 1.4905125382474756e-06
Epoch finished ! Loss: 0.004180649864046197
train_acc:0.9451947163576925 || test_acc:0.8769931060219396
Starting epoch 143/300.
lr: 1.4159869113351018e-06
Epoch finished ! Loss: 0.004162035452349013
train_acc:0.9454770957408474 || test_acc:0.8762209076059438
Starting epoch 144/300.
lr: 1.3451875657683467e-06
Epoch finished ! Loss: 0.003850155208553923
train_acc:0.9457566499573917 || test_acc:0.8769144554277484
Starting epoch 145/300.
lr: 1.2779281874799292e-06
Epoch finished ! Loss: 0.003947202266978198
train_acc:0.9460316289098492 || test_acc:0.8765423930185398
Starting epoch 146/300.
lr: 1.2140317781059327e-06
Epoch finished ! Loss: 0.004248238825484326
train_acc:0.9463006652094093 || test_acc:0.875590669095127
Starting epoch 147/300.
lr: 1.153330189200636e-06
Epoch finished ! Loss: 0.003728945945438586
train_acc:0.9465703946715753 || test_acc:0.8769025071336309
Starting epoch 148/300.
lr: 1.0956636797406041e-06
Epoch finished ! Loss: 0.0037918700885615853
train_acc:0.9468345168748659 || test_acc:0.8765229010034793
Starting epoch 149/300.
lr: 1.0408804957535738e-06
Epoch finished ! Loss: 0.004113585663665282
train_acc:0.947094887432755 || test_acc:0.8766261832826995
Starting epoch 150/300.
lr: 9.88836470965895e-07
Epoch finished ! Loss: 0.0044192556831005375
train_acc:0.9473492919473551 || test_acc:0.8761831469299363
Starting epoch 151/300.
lr: 9.393946474176003e-07
Epoch finished ! Loss: 0.004443296748458555
train_acc:0.9476011629597575 || test_acc:0.8768587393559889
Starting epoch 152/300.
lr: 8.924249150467202e-07
Epoch finished ! Loss: 0.004208457391513021
train_acc:0.9478500100193695 || test_acc:0.876559739662596
Starting epoch 153/300.
lr: 8.478036692943841e-07
Epoch finished ! Loss: 0.004139905241563132
train_acc:0.9480966947488146 || test_acc:0.877033456575122
Starting epoch 154/300.
lr: 8.054134858296649e-07
Epoch finished ! Loss: 0.004016482730788228
train_acc:0.9483400767398767 || test_acc:0.8760796695421784
Starting epoch 155/300.
lr: 7.651428115381816e-07
Epoch finished ! Loss: 0.0039012675565716468
train_acc:0.9485810404437552 || test_acc:0.8768120257493639
Starting epoch 156/300.
lr: 7.268856709612725e-07
Epoch finished ! Loss: 0.003900693832455497
train_acc:0.9488188151250793 || test_acc:0.8766514825593638
Starting epoch 157/300.
lr: 6.905413874132088e-07
Epoch finished ! Loss: 0.004324057918826217
train_acc:0.9490523514800877 || test_acc:0.8769453895887751
Starting epoch 158/300.
lr: 6.560143180425484e-07
Epoch finished ! Loss: 0.003997705408715104
train_acc:0.9492821899289876 || test_acc:0.8763742524441219
Starting epoch 159/300.
lr: 6.232136021404209e-07
Epoch finished ! Loss: 0.0037747219989174292
train_acc:0.9495121274261145 || test_acc:0.8769658630328716
Starting epoch 160/300.
lr: 5.920529220333999e-07
Epoch finished ! Loss: 0.003963333231053854
train_acc:0.9497379717041081 || test_acc:0.8768494008004276
Checkpoint 160 saved !
Starting epoch 161/300.
lr: 5.624502759317298e-07
Epoch finished ! Loss: 0.0037527196599464667
train_acc:0.9499615260456389 || test_acc:0.8764177289932545
Starting epoch 162/300.
lr: 5.343277621351433e-07
Epoch finished ! Loss: 0.004039008481624095
train_acc:0.9501812928402855 || test_acc:0.8766006407259436
Starting epoch 163/300.
lr: 5.343277621351433e-07
Epoch finished ! Loss: 0.0035365784418229995
train_acc:0.950400015628031 || test_acc:0.8765608351896257
Starting epoch 164/300.
lr: 5.076113740283861e-07
Epoch finished ! Loss: 0.00412525383167361
train_acc:0.9506145959674532 || test_acc:0.8769384896835314
Starting epoch 165/300.
lr: 4.822308053269667e-07
Epoch finished ! Loss: 0.004055638050072287
train_acc:0.9508265696834066 || test_acc:0.8767077116340557
Starting epoch 166/300.
lr: 4.581192650606184e-07
Epoch finished ! Loss: 0.004045583552827961
train_acc:0.9510364640031598 || test_acc:0.8771250510013067
Starting epoch 167/300.
lr: 4.3521330180758747e-07
Epoch finished ! Loss: 0.003858337448419709
train_acc:0.9512434622370024 || test_acc:0.8766706172627975
Starting epoch 168/300.
lr: 4.1345263671720807e-07
Epoch finished ! Loss: 0.004127726730841555
train_acc:0.9514469196126576 || test_acc:0.8767324946961738
Starting epoch 169/300.
lr: 3.9278000488134764e-07
Epoch finished ! Loss: 0.0038637454278374972
train_acc:0.951649500281023 || test_acc:0.8767963602236007
Starting epoch 170/300.
lr: 3.7314100463728023e-07
Epoch finished ! Loss: 0.0040426121853095924
train_acc:0.9518494653739072 || test_acc:0.8763389634470702
Starting epoch 171/300.
lr: 3.544839544054162e-07
Epoch finished ! Loss: 0.003773560943572145
train_acc:0.9520472177368837 || test_acc:0.8764972791885997
Starting epoch 172/300.
lr: 3.367597566851454e-07
Epoch finished ! Loss: 0.0038904823730454632
train_acc:0.9522424860830335 || test_acc:0.8759927031925331
Starting epoch 173/300.
lr: 3.199217688508881e-07
Epoch finished ! Loss: 0.003999184621007819
train_acc:0.9524357031268481 || test_acc:0.8766140644948759
Starting epoch 174/300.
lr: 3.0392568040834367e-07
Epoch finished ! Loss: 0.004175429526520402
train_acc:0.9526260909296017 || test_acc:0.8769602835838664
Starting epoch 175/300.
lr: 2.887293963879265e-07
Epoch finished ! Loss: 0.003923663163655683
train_acc:0.9528152123733263 || test_acc:0.8767686652955947
Starting epoch 176/300.
lr: 2.7429292656853013e-07
Epoch finished ! Loss: 0.0040317195369616934
train_acc:0.9530013748004507 || test_acc:0.8762340069358462
Starting epoch 177/300.
lr: 2.605782802401036e-07
Epoch finished ! Loss: 0.00390516361466756
train_acc:0.9531856054819364 || test_acc:0.8765026294846315
Starting epoch 178/300.
lr: 2.475493662280984e-07
Epoch finished ! Loss: 0.0039553587582256446
train_acc:0.9533679592776216 || test_acc:0.8767968464876604
Starting epoch 179/300.
lr: 2.3517189791669347e-07
Epoch finished ! Loss: 0.0040585754635302645
train_acc:0.9535480764257941 || test_acc:0.8765973800256682
Starting epoch 180/300.
lr: 2.234133030208588e-07
Epoch finished ! Loss: 0.004434528532683065
train_acc:0.953725572306119 || test_acc:0.8768286392646647
Checkpoint 180 saved !
Starting epoch 181/300.
lr: 2.1224263786981584e-07
Epoch finished ! Loss: 0.004055051875643824
train_acc:0.9539021725075403 || test_acc:0.8768093315266233
Starting epoch 182/300.
lr: 2.1224263786981584e-07
Epoch finished ! Loss: 0.003518999441477813
train_acc:0.9540777772170389 || test_acc:0.876794350046065
Starting epoch 183/300.
lr: 2.0163050597632503e-07
Epoch finished ! Loss: 0.003986507360088198
train_acc:0.9542507728879903 || test_acc:0.877038830828556
Starting epoch 184/300.
lr: 1.9154898067750878e-07
Epoch finished ! Loss: 0.0037038763739952914
train_acc:0.9544220162260125 || test_acc:0.8766083646196409
Starting epoch 185/300.
lr: 1.8197153164363334e-07
Epoch finished ! Loss: 0.003854905848244303
train_acc:0.9545911267237673 || test_acc:0.876570795710228
Starting epoch 186/300.
lr: 1.7287295506145167e-07
Epoch finished ! Loss: 0.004208643263892123
train_acc:0.9547572158335224 || test_acc:0.8765320595976044
Starting epoch 187/300.
lr: 1.6422930730837908e-07
Epoch finished ! Loss: 0.004708542147847382
train_acc:0.954920502132261 || test_acc:0.8764446129453943
Starting epoch 188/300.
lr: 1.560178419429601e-07
Epoch finished ! Loss: 0.00414025335523643
train_acc:0.955083359759519 || test_acc:0.8763760911383842
Starting epoch 189/300.
lr: 1.482169498458121e-07
Epoch finished ! Loss: 0.00420033819483299
train_acc:0.9552444362919844 || test_acc:0.875946909778405
Starting epoch 190/300.
lr: 1.4080610235352148e-07
Epoch finished ! Loss: 0.0038544989350300872
train_acc:0.9554049552859238 || test_acc:0.8769751182541584
Starting epoch 191/300.
lr: 1.337657972358454e-07
Epoch finished ! Loss: 0.003889488149434328
train_acc:0.9555638032192506 || test_acc:0.8771623782469257
Starting epoch 192/300.
lr: 1.2707750737405312e-07
Epoch finished ! Loss: 0.004152087112398524
train_acc:0.9557204273279365 || test_acc:0.8768725184165155
Starting epoch 193/300.
lr: 1.2072363200535045e-07
Epoch finished ! Loss: 0.004046478318540674
train_acc:0.9558756387232658 || test_acc:0.8762953296540474
Starting epoch 194/300.
lr: 1.1468745040508292e-07
Epoch finished ! Loss: 0.00404378964051016
train_acc:0.9560286514780979 || test_acc:0.8760536334109128
Starting epoch 195/300.
lr: 1.0895307788482877e-07
Epoch finished ! Loss: 0.00377239305771103
train_acc:0.956180830702867 || test_acc:0.8765749793373375
Starting epoch 196/300.
lr: 1.0350542399058734e-07
Epoch finished ! Loss: 0.0038418356917406383
train_acc:0.9563320212423295 || test_acc:0.8770474003799394
Starting epoch 197/300.
lr: 9.833015279105797e-08
Epoch finished ! Loss: 0.003973631943134885
train_acc:0.9564806078712522 || test_acc:0.8757445066446596
Starting epoch 198/300.
lr: 9.341364515150507e-08
Epoch finished ! Loss: 0.003909636002131983
train_acc:0.9566277192314288 || test_acc:0.8768780656817575
Starting epoch 199/300.
lr: 8.874296289392981e-08
Epoch finished ! Loss: 0.003954306530374053
train_acc:0.9567734118542628 || test_acc:0.8760330837697011
Starting epoch 200/300.
lr: 8.430581474923332e-08
Epoch finished ! Loss: 0.003923813582054878
train_acc:0.9569179243290644 || test_acc:0.8768167671364929
Checkpoint 200 saved !
Starting epoch 201/300.
lr: 8.009052401177165e-08
Epoch finished ! Loss: 0.004095863398948783
train_acc:0.9570606405132858 || test_acc:0.8768136620810287
Starting epoch 202/300.
lr: 7.608599781118306e-08
Epoch finished ! Loss: 0.004194069320434018
train_acc:0.9572014934159833 || test_acc:0.8766058311340654
Starting epoch 203/300.
lr: 7.22816979206239e-08
Epoch finished ! Loss: 0.004225578298792243
train_acc:0.9573408324854487 || test_acc:0.8763603982676451
Starting epoch 204/300.
lr: 6.86676130245927e-08
Epoch finished ! Loss: 0.003647505175812464
train_acc:0.9574803826339885 || test_acc:0.8769591307773618
Starting epoch 205/300.
lr: 6.523423237336307e-08
Epoch finished ! Loss: 0.004135355667064065
train_acc:0.9576170657308151 || test_acc:0.8762047803735326
Starting epoch 206/300.
lr: 6.197252075469491e-08
Epoch finished ! Loss: 0.0037743026709282086
train_acc:0.9577530305848716 || test_acc:0.8760895556913507
Starting epoch 207/300.
lr: 5.887389471696016e-08
Epoch finished ! Loss: 0.0039608490163166275
train_acc:0.9578876569132105 || test_acc:0.8763716449834215
Starting epoch 208/300.
lr: 5.593019998111215e-08
Epoch finished ! Loss: 0.00400693197489569
train_acc:0.9580207659153338 || test_acc:0.8758943170676139
Starting epoch 209/300.
lr: 5.313368998205654e-08
Epoch finished ! Loss: 0.004363832049267857
train_acc:0.9581516875339813 || test_acc:0.8760019209822574
Starting epoch 210/300.
lr: 5.047700548295371e-08
Epoch finished ! Loss: 0.0038045374995195553
train_acc:0.9582825756850676 || test_acc:0.8770540866377597
Starting epoch 211/300.
lr: 4.795315520880602e-08
Epoch finished ! Loss: 0.003886165184360978
train_acc:0.9584122690511528 || test_acc:0.8767083991691669
Starting epoch 212/300.
lr: 4.5555497448365717e-08
Epoch finished ! Loss: 0.003719432605430484
train_acc:0.9585410979102782 || test_acc:0.875884776891726
Starting epoch 213/300.
lr: 4.327772257594743e-08
Epoch finished ! Loss: 0.003520082875988201
train_acc:0.958669240575611 || test_acc:0.8767726408774544
Starting epoch 214/300.
lr: 4.111383644715006e-08
Epoch finished ! Loss: 0.0038992966721324543
train_acc:0.9587948687978756 || test_acc:0.8763269068878985
Starting epoch 215/300.
lr: 3.905814462479255e-08
Epoch finished ! Loss: 0.004221874988931966
train_acc:0.9589192833672364 || test_acc:0.8769725925117237
Starting epoch 216/300.
lr: 3.710523739355292e-08
Epoch finished ! Loss: 0.004069316887149685
train_acc:0.9590430195272979 || test_acc:0.8768105025702694
Starting epoch 217/300.
lr: 3.5249975523875276e-08
Epoch finished ! Loss: 0.004140600461610838
train_acc:0.9591652515425663 || test_acc:0.8765850405202428
Starting epoch 218/300.
lr: 3.348747674768151e-08
Epoch finished ! Loss: 0.003980874663561975
train_acc:0.9592865417373626 || test_acc:0.8769871717894635
Starting epoch 219/300.
lr: 3.181310291029743e-08
Epoch finished ! Loss: 0.003941667325010425
train_acc:0.9594066802985514 || test_acc:0.8769633212255112
Starting epoch 220/300.
lr: 3.022244776478256e-08
Epoch finished ! Loss: 0.0038026591762900354
train_acc:0.9595262039660102 || test_acc:0.876444648630352
Checkpoint 220 saved !
Starting epoch 221/300.
lr: 2.871132537654343e-08
Epoch finished ! Loss: 0.004065603159956242
train_acc:0.9596444388966048 || test_acc:0.8767221233585534
Starting epoch 222/300.
lr: 2.7275759107716258e-08
Epoch finished ! Loss: 0.00415387649187132
train_acc:0.959761310608226 || test_acc:0.8770245443980023
Starting epoch 223/300.
lr: 2.5911971152330443e-08
Epoch finished ! Loss: 0.0043070075923184814
train_acc:0.9598756798380207 || test_acc:0.8769747273343377
Starting epoch 224/300.
lr: 2.461637259471392e-08
Epoch finished ! Loss: 0.0039016232654256254
train_acc:0.9599910141474169 || test_acc:0.8763245921082844
Starting epoch 225/300.
lr: 2.338555396497822e-08
Epoch finished ! Loss: 0.00407334598957708
train_acc:0.9601049969316308 || test_acc:0.8761588060098663
Starting epoch 226/300.
lr: 2.221627626672931e-08
Epoch finished ! Loss: 0.004258683745406176
train_acc:0.9602170168934506 || test_acc:0.8761171757502833
Starting epoch 227/300.
lr: 2.1105462453392842e-08
Epoch finished ! Loss: 0.0037291157708846424
train_acc:0.9603295006868253 || test_acc:0.8766622439370769
Starting epoch 228/300.
lr: 2.00501893307232e-08
Epoch finished ! Loss: 0.0038254719987315567
train_acc:0.9604405421555541 || test_acc:0.8769523865138855
Starting epoch 229/300.
lr: 1.904767986418704e-08
Epoch finished ! Loss: 0.0037372905687478026
train_acc:0.9605507037488183 || test_acc:0.8767207808108678
Starting epoch 230/300.
lr: 1.8095295870977684e-08
Epoch finished ! Loss: 0.0038978896471426674
train_acc:0.9606598121149991 || test_acc:0.8762706974584927
Starting epoch 231/300.
lr: 1.7190531077428798e-08
Epoch finished ! Loss: 0.003825403381090023
train_acc:0.9607680463875138 || test_acc:0.876082793232644
Starting epoch 232/300.
lr: 1.6331004523557358e-08
Epoch finished ! Loss: 0.004185423183892118
train_acc:0.9608747957159474 || test_acc:0.8769095999311994
Starting epoch 233/300.
lr: 1.551445429737949e-08
Epoch finished ! Loss: 0.0038916552708925384
train_acc:0.9609812134855925 || test_acc:0.8764654495245766
Starting epoch 234/300.
lr: 1.4738731582510513e-08
Epoch finished ! Loss: 0.004091748791305643
train_acc:0.9610860261439677 || test_acc:0.8768444524727343
Starting epoch 235/300.
lr: 1.4001795003384986e-08
Epoch finished ! Loss: 0.004215320180121221
train_acc:0.961189966944631 || test_acc:0.8762719087548385
Starting epoch 236/300.
lr: 1.3301705253215736e-08
Epoch finished ! Loss: 0.004511484827258085
train_acc:0.9612924454658792 || test_acc:0.876592427952744
Starting epoch 237/300.
lr: 1.2636619990554948e-08
Epoch finished ! Loss: 0.003866247016642439
train_acc:0.9613955107008659 || test_acc:0.876218437420168
Starting epoch 238/300.
lr: 1.20047889910272e-08
Epoch finished ! Loss: 0.0035435826015217525
train_acc:0.961498261056862 || test_acc:0.8761178102896916
Starting epoch 239/300.
lr: 1.1404549541475839e-08
Epoch finished ! Loss: 0.004317807869397496
train_acc:0.9615984072258461 || test_acc:0.8760640571225556
Starting epoch 240/300.
lr: 1.0834322064402047e-08
Epoch finished ! Loss: 0.0036585011078338874
train_acc:0.9616990582908624 || test_acc:0.8767357850722984
Checkpoint 240 saved !
Starting epoch 241/300.
lr: 1.0292605961181944e-08
Epoch finished ! Loss: 0.004076440524505942
train_acc:0.9617985190418251 || test_acc:0.8769152805524577
Starting epoch 242/300.
lr: 9.777975663122846e-09
Epoch finished ! Loss: 0.0043622694333623115
train_acc:0.961896308229282 || test_acc:0.8770118437051513
Starting epoch 243/300.
lr: 9.289076879966704e-09
Epoch finished ! Loss: 0.004063378575895177
train_acc:0.9619936250313604 || test_acc:0.8769669529391345
Starting epoch 244/300.
lr: 8.82462303596837e-09
Epoch finished ! Loss: 0.004275240467273091
train_acc:0.9620899464943674 || test_acc:0.8767398223502433
Starting epoch 245/300.
lr: 8.38339188416995e-09
Epoch finished ! Loss: 0.00401993283977438
train_acc:0.9621861631597891 || test_acc:0.8756765087143722
Starting epoch 246/300.
lr: 7.964222289961453e-09
Epoch finished ! Loss: 0.004076473515382723
train_acc:0.9622808460057761 || test_acc:0.8765830186131783
Starting epoch 247/300.
lr: 7.56601117546338e-09
Epoch finished ! Loss: 0.00408232037811295
train_acc:0.9623751630749414 || test_acc:0.8764270763091944
Starting epoch 248/300.
lr: 7.18771061669021e-09
Epoch finished ! Loss: 0.0035771695002423305
train_acc:0.9624696790676277 || test_acc:0.8768744122449783
Starting epoch 249/300.
lr: 6.828325085855699e-09
Epoch finished ! Loss: 0.003890375844448021
train_acc:0.9625629070454352 || test_acc:0.8767513537668737
Starting epoch 250/300.
lr: 6.486908831562914e-09
Epoch finished ! Loss: 0.003972546974393098
train_acc:0.9626552890849934 || test_acc:0.875998620818264
Starting epoch 251/300.
lr: 6.162563389984768e-09
Epoch finished ! Loss: 0.004028456878701323
train_acc:0.9627464826518711 || test_acc:0.8770138785892134
Starting epoch 252/300.
lr: 5.8544352204855295e-09
Epoch finished ! Loss: 0.0035982840915063496
train_acc:0.9628379760406972 || test_acc:0.8769505193299517
Starting epoch 253/300.
lr: 5.561713459461253e-09
Epoch finished ! Loss: 0.004305091522339928
train_acc:0.9629270800307412 || test_acc:0.8764955785816482
Starting epoch 254/300.
lr: 5.28362778648819e-09
Epoch finished ! Loss: 0.004167267234113655
train_acc:0.9630161230973012 || test_acc:0.8770150026177358
Starting epoch 255/300.
lr: 5.019446397163781e-09
Epoch finished ! Loss: 0.004372218427689452
train_acc:0.9631038702699365 || test_acc:0.8772149677017869
Starting epoch 256/300.
lr: 4.768474077305592e-09
Epoch finished ! Loss: 0.004415616755814929
train_acc:0.9631907447142057 || test_acc:0.87659755070895
Starting epoch 257/300.
lr: 4.530050373440312e-09
Epoch finished ! Loss: 0.003861033340523902
train_acc:0.9632779524700986 || test_acc:0.8759873991294681
Starting epoch 258/300.
lr: 4.303547854768296e-09
Epoch finished ! Loss: 0.004385191760957241
train_acc:0.9633641414138497 || test_acc:0.8764928778685368
Starting epoch 259/300.
lr: 4.088370462029881e-09
Epoch finished ! Loss: 0.0038509069427259657
train_acc:0.9634502741178403 || test_acc:0.8759610612054832
Starting epoch 260/300.
lr: 3.883951938928387e-09
Epoch finished ! Loss: 0.0039957471485984955
train_acc:0.9635351478171791 || test_acc:0.8761892936190888
Checkpoint 260 saved !
Starting epoch 261/300.
lr: 3.6897543419819672e-09
Epoch finished ! Loss: 0.0039446359818899315
train_acc:0.9636192936317111 || test_acc:0.8764129135412099
Starting epoch 262/300.
lr: 3.5052666248828687e-09
Epoch finished ! Loss: 0.0038811613045828908
train_acc:0.963703466589424 || test_acc:0.8761787631993272
Starting epoch 263/300.
lr: 3.330003293638725e-09
Epoch finished ! Loss: 0.0038834589092355026
train_acc:0.9637870343446755 || test_acc:0.8765455290070706
Starting epoch 264/300.
lr: 3.163503128956789e-09
Epoch finished ! Loss: 0.0039499820381599035
train_acc:0.9638701103616892 || test_acc:0.876356864901469
Starting epoch 265/300.
lr: 3.0053279725089495e-09
Epoch finished ! Loss: 0.004438953824635399
train_acc:0.9639515978038534 || test_acc:0.8768584884387749
Starting epoch 266/300.
lr: 2.8550615738835017e-09
Epoch finished ! Loss: 0.003974993468115204
train_acc:0.9640329441499891 || test_acc:0.8759686513289032
Starting epoch 267/300.
lr: 2.7123084951893265e-09
Epoch finished ! Loss: 0.004063318760477399
train_acc:0.9641135512386777 || test_acc:0.8765619713988457
Starting epoch 268/300.
lr: 2.57669307042986e-09
Epoch finished ! Loss: 0.003931743371006297
train_acc:0.9641936368260589 || test_acc:0.8766961657131063
Starting epoch 269/300.
lr: 2.447858416908367e-09
Epoch finished ! Loss: 0.004184275220981554
train_acc:0.9642729215238831 || test_acc:0.8768908913793265
Starting epoch 270/300.
lr: 2.3254654960629483e-09
Epoch finished ! Loss: 0.003784221361734365
train_acc:0.9643524859543516 || test_acc:0.8763612177690172
Starting epoch 271/300.
lr: 2.209192221259801e-09
Epoch finished ! Loss: 0.004024389055312464
train_acc:0.9644307341123302 || test_acc:0.8767235949926907
Starting epoch 272/300.
lr: 2.209192221259801e-09
Epoch finished ! Loss: 0.0034007144601721512
train_acc:0.9645094291701567 || test_acc:0.8768911400912514
Starting epoch 273/300.
lr: 2.0987326101968108e-09
Epoch finished ! Loss: 0.004258744283824375
train_acc:0.9645862449457602 || test_acc:0.8768008426727335
Starting epoch 274/300.
lr: 1.9937959796869702e-09
Epoch finished ! Loss: 0.0040700662930152915
train_acc:0.9646630289434376 || test_acc:0.8761656618992689
Starting epoch 275/300.
lr: 1.8941061807026214e-09
Epoch finished ! Loss: 0.004084508532756253
train_acc:0.9647389587740609 || test_acc:0.8766343759254416
Starting epoch 276/300.
lr: 1.7994008716674902e-09
Epoch finished ! Loss: 0.003976431020878648
train_acc:0.9648148135621375 || test_acc:0.8769336299308746
Starting epoch 277/300.
lr: 1.7094308280841156e-09
Epoch finished ! Loss: 0.0037799998480630547
train_acc:0.9648902258472349 || test_acc:0.8763336364471257
Starting epoch 278/300.
lr: 1.6239592866799098e-09
Epoch finished ! Loss: 0.004172686183531033
train_acc:0.9649643443691788 || test_acc:0.8763472534500182
Starting epoch 279/300.
lr: 1.5427613223459142e-09
Epoch finished ! Loss: 0.004027114171338709
train_acc:0.965038092251365 || test_acc:0.8765024120791429
Starting epoch 280/300.
lr: 1.4656232562286185e-09
Epoch finished ! Loss: 0.00418758141367059
train_acc:0.9651110978308759 || test_acc:0.8764636249014348
Checkpoint 280 saved !
Starting epoch 281/300.
lr: 1.3923420934171875e-09
Epoch finished ! Loss: 0.004514711784002813
train_acc:0.965183263971652 || test_acc:0.8767809194758315
Starting epoch 282/300.
lr: 1.322724988746328e-09
Epoch finished ! Loss: 0.0044124554842710495
train_acc:0.9652549678343081 || test_acc:0.8768260845419078
Starting epoch 283/300.
lr: 1.2565887393090116e-09
Epoch finished ! Loss: 0.0038324288901333747
train_acc:0.9653273047799534 || test_acc:0.8769047050336751
Starting epoch 284/300.
lr: 1.193759302343561e-09
Epoch finished ! Loss: 0.004113324064957468
train_acc:0.9653986129574768 || test_acc:0.8769585318205471
Starting epoch 285/300.
lr: 1.134071337226383e-09
Epoch finished ! Loss: 0.0041028302824614865
train_acc:0.9654694045822041 || test_acc:0.8766095935044765
Starting epoch 286/300.
lr: 1.0773677703650637e-09
Epoch finished ! Loss: 0.003860344830900431
train_acc:0.9655399412289201 || test_acc:0.8763182675990225
Starting epoch 287/300.
lr: 1.0234993818468105e-09
Epoch finished ! Loss: 0.004326729687224877
train_acc:0.9656093113127057 || test_acc:0.87716123039894
Starting epoch 288/300.
lr: 9.723244127544699e-10
Epoch finished ! Loss: 0.003989108800152807
train_acc:0.9656786664444112 || test_acc:0.8758889746320018
Starting epoch 289/300.
lr: 9.237081921167463e-10
Epoch finished ! Loss: 0.004302473422630053
train_acc:0.9657470591569866 || test_acc:0.8765444265189715
Starting epoch 290/300.
lr: 8.77522782510909e-10
Epoch finished ! Loss: 0.004056199784635713
train_acc:0.9658156553625045 || test_acc:0.8768642776905105
Starting epoch 291/300.
lr: 8.336466433853635e-10
Epoch finished ! Loss: 0.004013699367887488
train_acc:0.9658838809263829 || test_acc:0.8763369450929032
Starting epoch 292/300.
lr: 7.919643112160953e-10
Epoch finished ! Loss: 0.0040865939086009015
train_acc:0.9659514516065678 || test_acc:0.87561045896932
Starting epoch 293/300.
lr: 7.523660956552904e-10
Epoch finished ! Loss: 0.004076874599252877
train_acc:0.9660184187945527 || test_acc:0.876571595785236
Starting epoch 294/300.
lr: 7.147477908725258e-10
Epoch finished ! Loss: 0.004067935885273312
train_acc:0.9660851193261095 || test_acc:0.8764102157585686
Starting epoch 295/300.
lr: 6.790104013288995e-10
Epoch finished ! Loss: 0.003870220041196597
train_acc:0.9661516801155584 || test_acc:0.8769346707786455
Starting epoch 296/300.
lr: 6.450598812624545e-10
Epoch finished ! Loss: 0.0042081102998437064
train_acc:0.9662172028087637 || test_acc:0.8766522082669218
Starting epoch 297/300.
lr: 6.128068871993317e-10
Epoch finished ! Loss: 0.0040559318896971255
train_acc:0.9662823416137385 || test_acc:0.876773509644303
Starting epoch 298/300.
lr: 5.82166542839365e-10
Epoch finished ! Loss: 0.003754795452971992
train_acc:0.966347483988125 || test_acc:0.8764912514422594
Starting epoch 299/300.
lr: 5.530582156973968e-10
Epoch finished ! Loss: 0.00408568911156372
train_acc:0.966411514242514 || test_acc:0.8765272597371271
Starting epoch 300/300.
lr: 5.254053049125269e-10
Epoch finished ! Loss: 0.0042569615510537435
train_acc:0.9664753485190546 || test_acc:0.8766978341268206
Checkpoint 300 saved !
END epoch300!
输出train每个epoch的loss值:
train_loss_epoch:[0.41607317485307393, 0.3382215597127613, 0.29145383803468, 0.2400217332338032, 0.19750496321602873, 0.16699919857476886, 0.14152356974388425, 0.11970391704847938, 0.10420394516304919, 0.09272701548118341, 0.08020539613146531, 0.0705928733278262, 0.06325104844413305, 0.058946009686118676, 0.05134783142099255, 0.04804926149939236, 0.04379825086185807, 0.041384897988877796, 0.04062260201102809, 0.03511390709563306, 0.03287369259878209, 0.029169041830066002, 0.02869704502977823, 0.026348778713298472, 0.024524101350260407, 0.021911745018472796, 0.021322290854234444, 0.019745102416920034, 0.018649919831046934, 0.017296405401276915, 0.015529039747228747, 0.014039904006609791, 0.013287574386126117, 0.013347635918149822, 0.014030029874687133, 0.011416570602082893, 0.01124527558782383, 0.010187499230041315, 0.009917015381353466, 0.009330410892634016, 0.00881589174172596, 0.008610018401553756, 0.008931126911193132, 0.008399419599261724, 0.008037839829921723, 0.008104323654582626, 0.007653535657415265, 0.007023787885708244, 0.007207467421693237, 0.007420662562607935, 0.006736528912657185, 0.006395293350674604, 0.006647920064432056, 0.006640208615480285, 0.006080993975659734, 0.005784626466859328, 0.006057278777619726, 0.0064056892315612025, 0.005929998080491236, 0.0056078764953111345, 0.005678787771122236, 0.00558765352654614, 0.005729653326010233, 0.005442041795896856, 0.005270108083066972, 0.005001718962663098, 0.004885640909503165, 0.005550391653454618, 0.005085481960620535, 0.004730607532454949, 0.004840727434738686, 0.004984868462442568, 0.00445783187537209, 0.004761415974874245, 0.0048000096637559565, 0.004696802488577209, 0.00448453483220778, 0.004702915145868534, 0.005042471396001546, 0.004206556314602494, 0.004797700802354437, 0.004753039988051904, 0.004722668255042088, 0.00428447784414809, 0.004450520998063056, 0.004216870420465344, 0.004644218842057806, 0.004639073841175751, 0.0043848242046997735, 0.0044223765327938295, 0.004458539295745524, 0.004306345121738942, 0.004379014734570918, 0.004387151040626984, 0.004063763557688186, 0.004342513661341448, 0.004167613644446982, 0.0036834954210606063, 0.004499116069392154, 0.00443760399020424, 0.003972551878541708, 0.004197004057565018, 0.004447049159850729, 0.004438194255099484, 0.004226234717000472, 0.0042401578056773075, 0.004128736902126356, 0.004093255859946734, 0.00449020051838536, 0.004240516056061575, 0.004037517657209384, 0.0041331269606751835, 0.0040113697049060934, 0.004090856971513284, 0.004525272366835883, 0.0037907397448036233, 0.0036103885743374886, 0.004106696151000889, 0.0038954857442724078, 0.003947385488764236, 0.004171357801380126, 0.0038917328525138527, 0.00394489076233616, 0.003872002352421221, 0.004168992362132198, 0.003915556326606556, 0.0039883499891546215, 0.003917326653180154, 0.003810695423989704, 0.004438643037390552, 0.004207624526890485, 0.0044437090939793145, 0.004049747672520186, 0.004095535441056678, 0.004160811350141701, 0.003958102658783135, 0.00394832049251387, 0.004074896129436399, 0.004322547140825344, 0.004035711660981179, 0.0038645179256012567, 0.004180649864046197, 0.004162035452349013, 0.003850155208553923, 0.003947202266978198, 0.004248238825484326, 0.003728945945438586, 0.0037918700885615853, 0.004113585663665282, 0.0044192556831005375, 0.004443296748458555, 0.004208457391513021, 0.004139905241563132, 0.004016482730788228, 0.0039012675565716468, 0.003900693832455497, 0.004324057918826217, 0.003997705408715104, 0.0037747219989174292, 0.003963333231053854, 0.0037527196599464667, 0.004039008481624095, 0.0035365784418229995, 0.00412525383167361, 0.004055638050072287, 0.004045583552827961, 0.003858337448419709, 0.004127726730841555, 0.0038637454278374972, 0.0040426121853095924, 0.003773560943572145, 0.0038904823730454632, 0.003999184621007819, 0.004175429526520402, 0.003923663163655683, 0.0040317195369616934, 0.00390516361466756, 0.0039553587582256446, 0.0040585754635302645, 0.004434528532683065, 0.004055051875643824, 0.003518999441477813, 0.003986507360088198, 0.0037038763739952914, 0.003854905848244303, 0.004208643263892123, 0.004708542147847382, 0.00414025335523643, 0.00420033819483299, 0.0038544989350300872, 0.003889488149434328, 0.004152087112398524, 0.004046478318540674, 0.00404378964051016, 0.00377239305771103, 0.0038418356917406383, 0.003973631943134885, 0.003909636002131983, 0.003954306530374053, 0.003923813582054878, 0.004095863398948783, 0.004194069320434018, 0.004225578298792243, 0.003647505175812464, 0.004135355667064065, 0.0037743026709282086, 0.0039608490163166275, 0.00400693197489569, 0.004363832049267857, 0.0038045374995195553, 0.003886165184360978, 0.003719432605430484, 0.003520082875988201, 0.0038992966721324543, 0.004221874988931966, 0.004069316887149685, 0.004140600461610838, 0.003980874663561975, 0.003941667325010425, 0.0038026591762900354, 0.004065603159956242, 0.00415387649187132, 0.0043070075923184814, 0.0039016232654256254, 0.00407334598957708, 0.004258683745406176, 0.0037291157708846424, 0.0038254719987315567, 0.0037372905687478026, 0.0038978896471426674, 0.003825403381090023, 0.004185423183892118, 0.0038916552708925384, 0.004091748791305643, 0.004215320180121221, 0.004511484827258085, 0.003866247016642439, 0.0035435826015217525, 0.004317807869397496, 0.0036585011078338874, 0.004076440524505942, 0.0043622694333623115, 0.004063378575895177, 0.004275240467273091, 0.00401993283977438, 0.004076473515382723, 0.00408232037811295, 0.0035771695002423305, 0.003890375844448021, 0.003972546974393098, 0.004028456878701323, 0.0035982840915063496, 0.004305091522339928, 0.004167267234113655, 0.004372218427689452, 0.004415616755814929, 0.003861033340523902, 0.004385191760957241, 0.0038509069427259657, 0.0039957471485984955, 0.0039446359818899315, 0.0038811613045828908, 0.0038834589092355026, 0.0039499820381599035, 0.004438953824635399, 0.003974993468115204, 0.004063318760477399, 0.003931743371006297, 0.004184275220981554, 0.003784221361734365, 0.004024389055312464, 0.0034007144601721512, 0.004258744283824375, 0.0040700662930152915, 0.004084508532756253, 0.003976431020878648, 0.0037799998480630547, 0.004172686183531033, 0.004027114171338709, 0.00418758141367059, 0.004514711784002813, 0.0044124554842710495, 0.0038324288901333747, 0.004113324064957468, 0.0041028302824614865, 0.003860344830900431, 0.004326729687224877, 0.003989108800152807, 0.004302473422630053, 0.004056199784635713, 0.004013699367887488, 0.0040865939086009015, 0.004076874599252877, 0.004067935885273312, 0.003870220041196597, 0.0042081102998437064, 0.0040559318896971255, 0.003754795452971992, 0.00408568911156372, 0.0042569615510537435]
输出000valid每个epoch的loss值:
valid_loss_epoch:[]
输出每个epoch的acc值:
train_acc_epoch:[0.2896346504671523, 0.3033452797872229, 0.33500823113368017, 0.3857928464533257, 0.4376494026073149, 0.4829535322118475, 0.5215114514888782, 0.5543188212424973, 0.5821303908619814, 0.6055976074000747, 0.6263375058260912, 0.644587895191193, 0.6608927678040233, 0.6752824367871896, 0.6887585146910691, 0.7008751925780697, 0.7121055090483511, 0.7223800815668456, 0.7316304903126439, 0.7405804958607088, 0.7489540441247804, 0.7569775666729102, 0.7643688573556963, 0.771379579541438, 0.7780083541053014, 0.7843627124430962, 0.7902982768250271, 0.7959720691235693, 0.8013388960758002, 0.8064700647155427, 0.8114144665952948, 0.8161517030902118, 0.8206554307436352, 0.8248762858392104, 0.8288152124309309, 0.8327095636456663, 0.8364005406672672, 0.8399727061838645, 0.8433752022570783, 0.8466375362482966, 0.8497655631693805, 0.8527707932314053, 0.8556235805249452, 0.8583667458854196, 0.8610047516940782, 0.8635423088372635, 0.8659828336462845, 0.868344260687048, 0.870607260780448, 0.8727868950092301, 0.8748880376438883, 0.8769188845265554, 0.8788747518978567, 0.8807666676782899, 0.8825948876785733, 0.8843699268608618, 0.8860745966550373, 0.8877240393854933, 0.8893228228251716, 0.8908735693255925, 0.8923785449733297, 0.8938344001778373, 0.895244467081664, 0.8966135698644241, 0.8979481233324301, 0.8992455653891271, 0.9005077132604361, 0.9017249371926682, 0.9029131786125574, 0.9040727900551345, 0.9051976732461563, 0.9062917447519747, 0.9073612995199707, 0.9083998712452822, 0.909412101780635, 0.9103945350571871, 0.9113585812230971, 0.9122944178286713, 0.9132081131952303, 0.9141012133944564, 0.9149716669930743, 0.9158204822201914, 0.9166471711766649, 0.9174605032840217, 0.9182542558256297, 0.919030458101301, 0.9197845292819135, 0.9205231740771508, 0.9212479095116786, 0.9219549158080786, 0.9226479254720857, 0.9233241307651169, 0.9239887398626828, 0.9246373810278818, 0.9252761673835592, 0.9258998776636354, 0.9265117654718639, 0.9271137590390485, 0.9277003104998176, 0.9282768088665955, 0.9288403088163484, 0.9293934566668045, 0.9299352946235117, 0.9304652326678691, 0.9309891253870466, 0.9315013460881837, 0.932005755992729, 0.9324981300053475, 0.9329813595466274, 0.9334582260450135, 0.9339274341229327, 0.9343876087310108, 0.9348400054114906, 0.9352832077506004, 0.9357177266123137, 0.9361465060661929, 0.9365717657116637, 0.9369860966016064, 0.9373947607704594, 0.9377963493330987, 0.9381900915123316, 0.9385785907937054, 0.9389598786059787, 0.9393376521217545, 0.9397076435109105, 0.9400706416748119, 0.9404294645055611, 0.9407832651829877, 0.941130925527459, 0.9414714292598426, 0.9418072594423399, 0.9421376729996104, 0.9424644260930966, 0.942786736361407, 0.9431020845411351, 0.9434151527317015, 0.9437228242287977, 0.9440262228528984, 0.9443235794343511, 0.9446172161159575, 0.9449089701939393, 0.9451947163576925, 0.9454770957408474, 0.9457566499573917, 0.9460316289098492, 0.9463006652094093, 0.9465703946715753, 0.9468345168748659, 0.947094887432755, 0.9473492919473551, 0.9476011629597575, 0.9478500100193695, 0.9480966947488146, 0.9483400767398767, 0.9485810404437552, 0.9488188151250793, 0.9490523514800877, 0.9492821899289876, 0.9495121274261145, 0.9497379717041081, 0.9499615260456389, 0.9501812928402855, 0.950400015628031, 0.9506145959674532, 0.9508265696834066, 0.9510364640031598, 0.9512434622370024, 0.9514469196126576, 0.951649500281023, 0.9518494653739072, 0.9520472177368837, 0.9522424860830335, 0.9524357031268481, 0.9526260909296017, 0.9528152123733263, 0.9530013748004507, 0.9531856054819364, 0.9533679592776216, 0.9535480764257941, 0.953725572306119, 0.9539021725075403, 0.9540777772170389, 0.9542507728879903, 0.9544220162260125, 0.9545911267237673, 0.9547572158335224, 0.954920502132261, 0.955083359759519, 0.9552444362919844, 0.9554049552859238, 0.9555638032192506, 0.9557204273279365, 0.9558756387232658, 0.9560286514780979, 0.956180830702867, 0.9563320212423295, 0.9564806078712522, 0.9566277192314288, 0.9567734118542628, 0.9569179243290644, 0.9570606405132858, 0.9572014934159833, 0.9573408324854487, 0.9574803826339885, 0.9576170657308151, 0.9577530305848716, 0.9578876569132105, 0.9580207659153338, 0.9581516875339813, 0.9582825756850676, 0.9584122690511528, 0.9585410979102782, 0.958669240575611, 0.9587948687978756, 0.9589192833672364, 0.9590430195272979, 0.9591652515425663, 0.9592865417373626, 0.9594066802985514, 0.9595262039660102, 0.9596444388966048, 0.959761310608226, 0.9598756798380207, 0.9599910141474169, 0.9601049969316308, 0.9602170168934506, 0.9603295006868253, 0.9604405421555541, 0.9605507037488183, 0.9606598121149991, 0.9607680463875138, 0.9608747957159474, 0.9609812134855925, 0.9610860261439677, 0.961189966944631, 0.9612924454658792, 0.9613955107008659, 0.961498261056862, 0.9615984072258461, 0.9616990582908624, 0.9617985190418251, 0.961896308229282, 0.9619936250313604, 0.9620899464943674, 0.9621861631597891, 0.9622808460057761, 0.9623751630749414, 0.9624696790676277, 0.9625629070454352, 0.9626552890849934, 0.9627464826518711, 0.9628379760406972, 0.9629270800307412, 0.9630161230973012, 0.9631038702699365, 0.9631907447142057, 0.9632779524700986, 0.9633641414138497, 0.9634502741178403, 0.9635351478171791, 0.9636192936317111, 0.963703466589424, 0.9637870343446755, 0.9638701103616892, 0.9639515978038534, 0.9640329441499891, 0.9641135512386777, 0.9641936368260589, 0.9642729215238831, 0.9643524859543516, 0.9644307341123302, 0.9645094291701567, 0.9645862449457602, 0.9646630289434376, 0.9647389587740609, 0.9648148135621375, 0.9648902258472349, 0.9649643443691788, 0.965038092251365, 0.9651110978308759, 0.965183263971652, 0.9652549678343081, 0.9653273047799534, 0.9653986129574768, 0.9654694045822041, 0.9655399412289201, 0.9656093113127057, 0.9656786664444112, 0.9657470591569866, 0.9658156553625045, 0.9658838809263829, 0.9659514516065678, 0.9660184187945527, 0.9660851193261095, 0.9661516801155584, 0.9662172028087637, 0.9662823416137385, 0.966347483988125, 0.966411514242514, 0.9664753485190546]
 valid_acc_epoch:[0.4212498176570302, 0.33192907580349884, 0.3778286719993014, 0.5437696540933187, 0.7343863292069478, 0.6160027671935817, 0.7873744595745017, 0.7911134609534318, 0.7763105993349184, 0.8170648217893031, 0.8183625832288123, 0.7939334077141051, 0.8335817396013341, 0.8394012598109815, 0.8170953012463612, 0.8127634920591621, 0.8587416451097106, 0.8259664716026927, 0.8539929464331634, 0.8595581889210059, 0.8645132644310328, 0.8641621025700335, 0.8575070085608197, 0.8600461322561059, 0.8696917226659021, 0.8715192203262593, 0.8673749212649775, 0.8664078695425087, 0.8711909045076662, 0.8739015491756564, 0.8742049064635246, 0.8753083084418687, 0.8751243637330766, 0.8775144032760344, 0.8762962383259894, 0.8791224336684701, 0.8774252295480539, 0.8782018096601472, 0.8796665288792558, 0.8789445309258846, 0.877815901516344, 0.8777448365948152, 0.8784726522097279, 0.8709526082992303, 0.8790572795620035, 0.8790413477476938, 0.8784612537930317, 0.8772581719176843, 0.8792537923760844, 0.8780716546214142, 0.8785109287634222, 0.8790944956805454, 0.8774914732840118, 0.8786844581020514, 0.8781044436367997, 0.8770834897955165, 0.8781730397166813, 0.878287030329176, 0.8774881302894835, 0.8779135253362917, 0.8773780941758643, 0.8767857934272363, 0.8769542772797567, 0.8780258403190095, 0.8776914112342966, 0.8778065049498572, 0.8771509848580222, 0.8773596928441548, 0.8779046469731548, 0.8778096530926, 0.8773002761548006, 0.8779739577537444, 0.8776676106241553, 0.8769243173290528, 0.8773128499658617, 0.87681101380919, 0.87716790260695, 0.8767283341916965, 0.8775917477739171, 0.8768607239802996, 0.877032429872806, 0.876920802643623, 0.8768543489319769, 0.8768780915259603, 0.8768386399906264, 0.8770505283288629, 0.8767625123593574, 0.8764767318330902, 0.8770898509619384, 0.8766755885031456, 0.8771356765441893, 0.8767013027982361, 0.8768971736308799, 0.8766191273997435, 0.8765454637670176, 0.8765064859384337, 0.8766864504849073, 0.8765995834815278, 0.876872696253765, 0.8773857387951527, 0.8766064082167057, 0.8765830274071755, 0.8767883404473501, 0.8768091204592272, 0.8768413431737895, 0.8767989296981812, 0.8771465916492343, 0.8762427432529794, 0.876282694295975, 0.8762784846960768, 0.8765977914764069, 0.8769870633960927, 0.8770983552616934, 0.8763092103394678, 0.8766212849010634, 0.8757417853446607, 0.8768272285684332, 0.8764086224216462, 0.8767677581664814, 0.8767838766483522, 0.8767672563316651, 0.8762949760653118, 0.875998089592546, 0.8769642015129498, 0.876833662344817, 0.8763252794736307, 0.8766880736066105, 0.87688017914541, 0.8763531984588001, 0.8759270734666024, 0.8754536597941086, 0.8761073828139108, 0.8763353162784574, 0.8766682428887673, 0.8769173047740721, 0.8768422626841159, 0.8766354849998269, 0.8765108950825661, 0.8760449344932133, 0.8767889040179832, 0.8768193479259981, 0.8769931060219396, 0.8762209076059438, 0.8769144554277484, 0.8765423930185398, 0.875590669095127, 0.8769025071336309, 0.8765229010034793, 0.8766261832826995, 0.8761831469299363, 0.8768587393559889, 0.876559739662596, 0.877033456575122, 0.8760796695421784, 0.8768120257493639, 0.8766514825593638, 0.8769453895887751, 0.8763742524441219, 0.8769658630328716, 0.8768494008004276, 0.8764177289932545, 0.8766006407259436, 0.8765608351896257, 0.8769384896835314, 0.8767077116340557, 0.8771250510013067, 0.8766706172627975, 0.8767324946961738, 0.8767963602236007, 0.8763389634470702, 0.8764972791885997, 0.8759927031925331, 0.8766140644948759, 0.8769602835838664, 0.8767686652955947, 0.8762340069358462, 0.8765026294846315, 0.8767968464876604, 0.8765973800256682, 0.8768286392646647, 0.8768093315266233, 0.876794350046065, 0.877038830828556, 0.8766083646196409, 0.876570795710228, 0.8765320595976044, 0.8764446129453943, 0.8763760911383842, 0.875946909778405, 0.8769751182541584, 0.8771623782469257, 0.8768725184165155, 0.8762953296540474, 0.8760536334109128, 0.8765749793373375, 0.8770474003799394, 0.8757445066446596, 0.8768780656817575, 0.8760330837697011, 0.8768167671364929, 0.8768136620810287, 0.8766058311340654, 0.8763603982676451, 0.8769591307773618, 0.8762047803735326, 0.8760895556913507, 0.8763716449834215, 0.8758943170676139, 0.8760019209822574, 0.8770540866377597, 0.8767083991691669, 0.875884776891726, 0.8767726408774544, 0.8763269068878985, 0.8769725925117237, 0.8768105025702694, 0.8765850405202428, 0.8769871717894635, 0.8769633212255112, 0.876444648630352, 0.8767221233585534, 0.8770245443980023, 0.8769747273343377, 0.8763245921082844, 0.8761588060098663, 0.8761171757502833, 0.8766622439370769, 0.8769523865138855, 0.8767207808108678, 0.8762706974584927, 0.876082793232644, 0.8769095999311994, 0.8764654495245766, 0.8768444524727343, 0.8762719087548385, 0.876592427952744, 0.876218437420168, 0.8761178102896916, 0.8760640571225556, 0.8767357850722984, 0.8769152805524577, 0.8770118437051513, 0.8769669529391345, 0.8767398223502433, 0.8756765087143722, 0.8765830186131783, 0.8764270763091944, 0.8768744122449783, 0.8767513537668737, 0.875998620818264, 0.8770138785892134, 0.8769505193299517, 0.8764955785816482, 0.8770150026177358, 0.8772149677017869, 0.87659755070895, 0.8759873991294681, 0.8764928778685368, 0.8759610612054832, 0.8761892936190888, 0.8764129135412099, 0.8761787631993272, 0.8765455290070706, 0.876356864901469, 0.8768584884387749, 0.8759686513289032, 0.8765619713988457, 0.8766961657131063, 0.8768908913793265, 0.8763612177690172, 0.8767235949926907, 0.8768911400912514, 0.8768008426727335, 0.8761656618992689, 0.8766343759254416, 0.8769336299308746, 0.8763336364471257, 0.8763472534500182, 0.8765024120791429, 0.8764636249014348, 0.8767809194758315, 0.8768260845419078, 0.8769047050336751, 0.8769585318205471, 0.8766095935044765, 0.8763182675990225, 0.87716123039894, 0.8758889746320018, 0.8765444265189715, 0.8768642776905105, 0.8763369450929032, 0.87561045896932, 0.876571595785236, 0.8764102157585686, 0.8769346707786455, 0.8766522082669218, 0.876773509644303, 0.8764912514422594, 0.8765272597371271, 0.8766978341268206]
输出最后一个epoch的值:
train_acc:0.9664753485190546 
 valid_acc:0.8766978341268206


train_iou:0.9829407943457131 
 valid_iou:0.9314882727806415


train_dice:0.9790909882387919 
 valid_dice:0.924711267840355


########## 最终k折交叉验证结果 ##########
train_acc_mean:0.9665
 valid_acc_mean:0.8767
 train_iou_mean:0.9829
 valid_iou_mean:0.9315
 train_dice_mean:0.9791
 valid_dice_mean:0.9247

train_acc_sd:0.0000 valid_acc_sd:0.0000
train_iou_sd:0.0000 valid_iou_sd:0.0000
train_dice_sd:0.0000 valid_dice_sd:0.0000
end_time: 2020-09-10 03:43:09
total_time: Thu Jan 01 13:12:14 1970
