start_time: 2020-09-01 21:25:35
Starting epoch 1/150.
lr: 0.0001
Epoch finished ! Loss: 0.18735372181981802
train_acc:0.5881615067395897 || test_acc:0.48535754918426205
Starting epoch 2/150.
lr: 0.0001
Epoch finished ! Loss: 0.14650433184579015
train_acc:0.6520912231379896 || test_acc:0.7435544268402091
Starting epoch 3/150.
lr: 0.0001
Epoch finished ! Loss: 0.12693928989271322
train_acc:0.6911337442836349 || test_acc:0.7891910511165195
Starting epoch 4/150.
lr: 0.0001
Epoch finished ! Loss: 0.1174001752709349
/home/huangjq/PyCharmCode/4_project/1_UNet/B4_attUnetv5.1/utils/criterion.py:111: RuntimeWarning: invalid value encountered in true_divide
  acc_cls = np.diag(hist) / hist.sum(axis=1)
train_acc:0.715016181627227 || test_acc:0.8055276384815733
Starting epoch 5/150.
lr: 0.0001
Epoch finished ! Loss: 0.1063842677200834
train_acc:0.7353334610342889 || test_acc:0.8250707200399905
Starting epoch 6/150.
lr: 0.0001
Epoch finished ! Loss: 0.09749776404350996
train_acc:0.7530218374535349 || test_acc:0.8259246706703469
Starting epoch 7/150.
lr: 0.0001
Epoch finished ! Loss: 0.08897448843345046
train_acc:0.7687533908441411 || test_acc:0.8456292025135576
Starting epoch 8/150.
lr: 0.0001
Epoch finished ! Loss: 0.08481858251616359
train_acc:0.7814995430908521 || test_acc:0.8577750904974633
Starting epoch 9/150.
lr: 0.0001
Epoch finished ! Loss: 0.0816905618024369
train_acc:0.7912446919826173 || test_acc:0.8613566834951469
Starting epoch 10/150.
lr: 0.0001
Epoch finished ! Loss: 0.0748545250389725
train_acc:0.8012935134807139 || test_acc:0.8501660716419436
Starting epoch 11/150.
lr: 0.0001
Epoch finished ! Loss: 0.07156258767160277
train_acc:0.8099903331104845 || test_acc:0.8501849757644726
Starting epoch 12/150.
lr: 0.0001
Epoch finished ! Loss: 0.06643123218479256
train_acc:0.8183208809179621 || test_acc:0.8698865424915981
Starting epoch 13/150.
lr: 0.0001
Epoch finished ! Loss: 0.061110533153017364
train_acc:0.8265012414010559 || test_acc:0.8740026643666042
Starting epoch 14/150.
lr: 0.0001
Epoch finished ! Loss: 0.05882632189119855
train_acc:0.8337546570024579 || test_acc:0.8732259108786617
Starting epoch 15/150.
lr: 0.0001
Epoch finished ! Loss: 0.05784512963145971
train_acc:0.8399575844118131 || test_acc:0.8835716417902403
Starting epoch 16/150.
lr: 0.0001
Epoch finished ! Loss: 0.054739582895611726
train_acc:0.8457921726466752 || test_acc:0.883533272159112
Starting epoch 17/150.
lr: 0.0001
Epoch finished ! Loss: 0.05354449440104266
train_acc:0.850902678917409 || test_acc:0.8837285696538507
Starting epoch 18/150.
lr: 0.0001
Epoch finished ! Loss: 0.05221210179540018
train_acc:0.8554432852243129 || test_acc:0.881521715499375
Starting epoch 19/150.
lr: 0.0001
Epoch finished ! Loss: 0.04868907566803197
train_acc:0.8600837041201034 || test_acc:0.8932227769988798
Starting epoch 20/150.
lr: 0.0001
Epoch finished ! Loss: 0.046405967169751726
train_acc:0.8645201965769967 || test_acc:0.898417024255004
Checkpoint 20 saved !
Starting epoch 21/150.
lr: 0.0001
Epoch finished ! Loss: 0.046187236827487745
train_acc:0.8683674466206951 || test_acc:0.900835870799939
Starting epoch 22/150.
lr: 0.0001
Epoch finished ! Loss: 0.044722699016953506
train_acc:0.8720854558984942 || test_acc:0.9067916479100321
Starting epoch 23/150.
lr: 0.0001
Epoch finished ! Loss: 0.04345329625842472
train_acc:0.8754872928544829 || test_acc:0.9017527053978005
Starting epoch 24/150.
lr: 0.0001
Epoch finished ! Loss: 0.04140715727893015
train_acc:0.8788522369534051 || test_acc:0.8983819757134813
Starting epoch 25/150.
lr: 0.0001
Epoch finished ! Loss: 0.041311206218476094
train_acc:0.8818238635483723 || test_acc:0.9053637281663854
Starting epoch 26/150.
lr: 0.0001
Epoch finished ! Loss: 0.03914482224111756
train_acc:0.8848014980775076 || test_acc:0.9014750488716619
Starting epoch 27/150.
lr: 0.0001
Epoch finished ! Loss: 0.03786514474389454
train_acc:0.8876787212695576 || test_acc:0.909554306526759
Starting epoch 28/150.
lr: 9.5e-05
Epoch finished ! Loss: 0.03983454739985367
train_acc:0.8900224035357102 || test_acc:0.9041037670169524
Starting epoch 29/150.
lr: 9.025e-05
Epoch finished ! Loss: 0.039921027685826026
train_acc:0.892119707378371 || test_acc:0.9107485005273012
Starting epoch 30/150.
lr: 9.025e-05
Epoch finished ! Loss: 0.037196113960817456
train_acc:0.8943443428983304 || test_acc:0.9104324283200177
Starting epoch 31/150.
lr: 9.025e-05
Epoch finished ! Loss: 0.03562098741531372
train_acc:0.8965627470663013 || test_acc:0.9080352544548703
Starting epoch 32/150.
lr: 9.025e-05
Epoch finished ! Loss: 0.034642502355078854
train_acc:0.8987029151455886 || test_acc:0.9166021853051965
Starting epoch 33/150.
lr: 9.025e-05
Epoch finished ! Loss: 0.03424131175658355
train_acc:0.9007097295875682 || test_acc:0.9091664059578931
Starting epoch 34/150.
lr: 9.025e-05
Epoch finished ! Loss: 0.03308706517176082
train_acc:0.9026890976009976 || test_acc:0.9099296230315969
Starting epoch 35/150.
lr: 9.025e-05
Epoch finished ! Loss: 0.03307032100080202
train_acc:0.9045237643249163 || test_acc:0.9138559270323113
Starting epoch 36/150.
lr: 8.573749999999999e-05
Epoch finished ! Loss: 0.03337469941470772
train_acc:0.9062013854469911 || test_acc:0.9075271257142278
Starting epoch 37/150.
lr: 8.573749999999999e-05
Epoch finished ! Loss: 0.03193140169605613
train_acc:0.9078889236811163 || test_acc:0.9072138246314283
Starting epoch 38/150.
lr: 8.573749999999999e-05
Epoch finished ! Loss: 0.030485999731657405
train_acc:0.9096110079163189 || test_acc:0.9130992118333322
Starting epoch 39/150.
lr: 8.145062499999998e-05
Epoch finished ! Loss: 0.030745706404559314
train_acc:0.9111872009275612 || test_acc:0.9127698272067506
Starting epoch 40/150.
lr: 8.145062499999998e-05
Epoch finished ! Loss: 0.030188825136671465
train_acc:0.9127036861614193 || test_acc:0.9132125603553509
Checkpoint 40 saved !
Starting epoch 41/150.
lr: 8.145062499999998e-05
Epoch finished ! Loss: 0.03007162637853374
train_acc:0.9141528937630685 || test_acc:0.9073785356101722
Starting epoch 42/150.
lr: 8.145062499999998e-05
Epoch finished ! Loss: 0.02983960594671468
train_acc:0.9155173295036556 || test_acc:0.9098277729518622
Starting epoch 43/150.
lr: 8.145062499999998e-05
Epoch finished ! Loss: 0.029038874510054786
train_acc:0.9168742118655504 || test_acc:0.9120108173172894
Starting epoch 44/150.
lr: 8.145062499999998e-05
Epoch finished ! Loss: 0.028813133753525715
train_acc:0.918171780149105 || test_acc:0.9133030089564896
Starting epoch 45/150.
lr: 8.145062499999998e-05
Epoch finished ! Loss: 0.02861659162833045
train_acc:0.9194082905661884 || test_acc:0.9078525452101452
Starting epoch 46/150.
lr: 8.145062499999998e-05
Epoch finished ! Loss: 0.028293826850131154
train_acc:0.9206087252854892 || test_acc:0.9125009448691892
Starting epoch 47/150.
lr: 8.145062499999998e-05
Epoch finished ! Loss: 0.02805419359356165
train_acc:0.9217573693226373 || test_acc:0.9121078213099856
Starting epoch 48/150.
lr: 8.145062499999998e-05
Epoch finished ! Loss: 0.02797756010356049
train_acc:0.9228550216027551 || test_acc:0.9142181200857982
Starting epoch 49/150.
lr: 8.145062499999998e-05
Epoch finished ! Loss: 0.027677403762936592
train_acc:0.9239093422257368 || test_acc:0.9090973818619053
Starting epoch 50/150.
lr: 8.145062499999998e-05
Epoch finished ! Loss: 0.02737595548387617
train_acc:0.9249393724688013 || test_acc:0.9099381101010166
Starting epoch 51/150.
lr: 8.145062499999998e-05
Epoch finished ! Loss: 0.027020681106174987
train_acc:0.9259544170564937 || test_acc:0.9103739322002727
Starting epoch 52/150.
lr: 8.145062499999998e-05
Epoch finished ! Loss: 0.026600766616563003
train_acc:0.9269384296135035 || test_acc:0.9122659122997977
Starting epoch 53/150.
lr: 7.737809374999998e-05
Epoch finished ! Loss: 0.027347318284834426
train_acc:0.9278356157779305 || test_acc:0.9117739796852922
Starting epoch 54/150.
lr: 7.350918906249998e-05
Epoch finished ! Loss: 0.026707536890171468
train_acc:0.9287389391639869 || test_acc:0.9107100594107862
Starting epoch 55/150.
lr: 7.350918906249998e-05
Epoch finished ! Loss: 0.026089672270851832
train_acc:0.9296261178243707 || test_acc:0.9131881605264651
Starting epoch 56/150.
lr: 6.983372960937497e-05
Epoch finished ! Loss: 0.026295930806857843
train_acc:0.9304653400741876 || test_acc:0.9127614120334467
Starting epoch 57/150.
lr: 6.634204312890622e-05
Epoch finished ! Loss: 0.026202331025463838
train_acc:0.9312814460415093 || test_acc:0.9120505687903199
Starting epoch 58/150.
lr: 6.30249409724609e-05
Epoch finished ! Loss: 0.026212709490209818
train_acc:0.9320585146909379 || test_acc:0.9149401066046353
Starting epoch 59/150.
lr: 6.30249409724609e-05
Epoch finished ! Loss: 0.025590166333131492
train_acc:0.9328368424358099 || test_acc:0.9134173598715608
Starting epoch 60/150.
lr: 5.987369392383786e-05
Epoch finished ! Loss: 0.02648698278547575
train_acc:0.933545743602717 || test_acc:0.91139763353973
Checkpoint 60 saved !
Starting epoch 61/150.
lr: 5.987369392383786e-05
Epoch finished ! Loss: 0.025450660575491686
train_acc:0.934273635984276 || test_acc:0.9133706464655363
Starting epoch 62/150.
lr: 5.987369392383786e-05
Epoch finished ! Loss: 0.025116515113040805
train_acc:0.9349901184361483 || test_acc:0.9171363978547371
Starting epoch 63/150.
lr: 5.688000922764596e-05
Epoch finished ! Loss: 0.025379444433686633
train_acc:0.9356654581585946 || test_acc:0.9151000589672591
Starting epoch 64/150.
lr: 5.688000922764596e-05
Epoch finished ! Loss: 0.025011772095846634
train_acc:0.93633987798268 || test_acc:0.9153533273014285
Starting epoch 65/150.
lr: 5.688000922764596e-05
Epoch finished ! Loss: 0.024847429051684838
train_acc:0.9369941682636802 || test_acc:0.9163077746053592
Starting epoch 66/150.
lr: 5.4036008766263664e-05
Epoch finished ! Loss: 0.0248600304670011
train_acc:0.9376360005739475 || test_acc:0.914853907663017
Starting epoch 67/150.
lr: 5.4036008766263664e-05
Epoch finished ! Loss: 0.02470172829149912
train_acc:0.9382568370999356 || test_acc:0.9139252801309424
Starting epoch 68/150.
lr: 5.4036008766263664e-05
Epoch finished ! Loss: 0.024636835519534845
train_acc:0.9388593096489439 || test_acc:0.9168825641728577
Starting epoch 69/150.
lr: 5.133420832795048e-05
Epoch finished ! Loss: 0.024876547628082335
train_acc:0.9394405030047746 || test_acc:0.9121067550800753
Starting epoch 70/150.
lr: 5.133420832795048e-05
Epoch finished ! Loss: 0.02452629820133249
train_acc:0.9400081376714784 || test_acc:0.9175344384802496
Starting epoch 71/150.
lr: 4.876749791155295e-05
Epoch finished ! Loss: 0.02455658485026409
train_acc:0.9405587804815163 || test_acc:0.9128530611280421
Starting epoch 72/150.
lr: 4.876749791155295e-05
Epoch finished ! Loss: 0.02440789291479935
train_acc:0.9410995575827509 || test_acc:0.915372039390659
Starting epoch 73/150.
lr: 4.876749791155295e-05
Epoch finished ! Loss: 0.024274722672998905
train_acc:0.9416284195588778 || test_acc:0.9156251958281145
Starting epoch 74/150.
lr: 4.6329123015975305e-05
Epoch finished ! Loss: 0.02431608414432655
train_acc:0.9421451078384079 || test_acc:0.9135737228839543
Starting epoch 75/150.
lr: 4.4012666865176535e-05
Epoch finished ! Loss: 0.024381754725861054
train_acc:0.9426366617022998 || test_acc:0.9122534172756415
Starting epoch 76/150.
lr: 4.181203352191771e-05
Epoch finished ! Loss: 0.02459852284907053
train_acc:0.9431039082868969 || test_acc:0.9152554088890387
Starting epoch 77/150.
lr: 4.181203352191771e-05
Epoch finished ! Loss: 0.024170147565503914
train_acc:0.9435815120470279 || test_acc:0.9162102558970348
Starting epoch 78/150.
lr: 4.181203352191771e-05
Epoch finished ! Loss: 0.023985500059400994
train_acc:0.9440496995345893 || test_acc:0.9166302381220109
Starting epoch 79/150.
lr: 3.972143184582182e-05
Epoch finished ! Loss: 0.024451211909763515
train_acc:0.9444889922304924 || test_acc:0.9135508844210917
Starting epoch 80/150.
lr: 3.972143184582182e-05
Epoch finished ! Loss: 0.02379487905030449
train_acc:0.9449357844408655 || test_acc:0.9186785886321911
Checkpoint 80 saved !
Starting epoch 81/150.
lr: 3.7735360253530726e-05
Epoch finished ! Loss: 0.02379788112981866
train_acc:0.945372450746093 || test_acc:0.9152337461991783
Starting epoch 82/150.
lr: 3.584859224085419e-05
Epoch finished ! Loss: 0.023943687362285953
train_acc:0.9457938781188974 || test_acc:0.91706188167906
Starting epoch 83/150.
lr: 3.584859224085419e-05
Epoch finished ! Loss: 0.023617983795702457
train_acc:0.94621148517163 || test_acc:0.9142376095252696
Starting epoch 84/150.
lr: 3.405616262881148e-05
Epoch finished ! Loss: 0.02396527270320803
train_acc:0.9466058921482288 || test_acc:0.9176962589948918
Starting epoch 85/150.
lr: 3.405616262881148e-05
Epoch finished ! Loss: 0.02344531538741042
train_acc:0.9470137523053497 || test_acc:0.9148430411162409
Starting epoch 86/150.
lr: 3.405616262881148e-05
Epoch finished ! Loss: 0.02339348231907934
train_acc:0.9474093761548585 || test_acc:0.9130353261612834
Starting epoch 87/150.
lr: 3.2353354497370904e-05
Epoch finished ! Loss: 0.023510097060352564
train_acc:0.9477935117678353 || test_acc:0.9154341278245559
Starting epoch 88/150.
lr: 3.0735686772502355e-05
Epoch finished ! Loss: 0.023556441961166758
train_acc:0.9481709091328991 || test_acc:0.9144153805475815
Starting epoch 89/150.
lr: 2.9198902433877236e-05
Epoch finished ! Loss: 0.02387391306304683
train_acc:0.9485258743745361 || test_acc:0.9176913060956722
Starting epoch 90/150.
lr: 2.7738957312183373e-05
Epoch finished ! Loss: 0.02388433103139202
train_acc:0.9488710680689834 || test_acc:0.9164552934985901
Starting epoch 91/150.
lr: 2.6352009446574204e-05
Epoch finished ! Loss: 0.02401716005988419
train_acc:0.9491980196536192 || test_acc:0.9144411533737092
Starting epoch 92/150.
lr: 2.5034408974245492e-05
Epoch finished ! Loss: 0.023573222492511075
train_acc:0.9495395375411405 || test_acc:0.910914989062255
Starting epoch 93/150.
lr: 2.5034408974245492e-05
Epoch finished ! Loss: 0.023353846937728424
train_acc:0.9498780589810707 || test_acc:0.9132417679440672
Starting epoch 94/150.
lr: 2.3782688525533216e-05
Epoch finished ! Loss: 0.023520954535342753
train_acc:0.9502063064167405 || test_acc:0.9151163141883413
Starting epoch 95/150.
lr: 2.2593554099256555e-05
Epoch finished ! Loss: 0.023854206083342433
train_acc:0.9505134376466009 || test_acc:0.9178473258723192
Starting epoch 96/150.
lr: 2.1463876394293726e-05
Epoch finished ! Loss: 0.023537507785173755
train_acc:0.950820833424872 || test_acc:0.9129700145597722
Starting epoch 97/150.
lr: 2.039068257457904e-05
Epoch finished ! Loss: 0.023511633548575144
train_acc:0.951127476899291 || test_acc:0.9146000624684442
Starting epoch 98/150.
lr: 1.9371148445850086e-05
Epoch finished ! Loss: 0.02370078267995268
train_acc:0.9514213913749332 || test_acc:0.9167550450803201
Starting epoch 99/150.
lr: 1.840259102355758e-05
Epoch finished ! Loss: 0.023406661037976544
train_acc:0.9517162963418692 || test_acc:0.9151765979738495
Starting epoch 100/150.
lr: 1.74824614723797e-05
Epoch finished ! Loss: 0.023544044660714764
train_acc:0.9520054422459687 || test_acc:0.9141687101161166
Checkpoint 100 saved !
Starting epoch 101/150.
lr: 1.6608338398760715e-05
Epoch finished ! Loss: 0.023398189068151016
train_acc:0.9522858062857036 || test_acc:0.9150707548465258
Starting epoch 102/150.
lr: 1.5777921478822678e-05
Epoch finished ! Loss: 0.023548888120179374
train_acc:0.9525609617089166 || test_acc:0.9152609882101713
Starting epoch 103/150.
lr: 1.5777921478822678e-05
Epoch finished ! Loss: 0.023137595543327432
train_acc:0.952837219270534 || test_acc:0.9145620260551904
Starting epoch 104/150.
lr: 1.4989025404881544e-05
Epoch finished ! Loss: 0.02316482807509601
train_acc:0.953109558039335 || test_acc:0.9135611155355392
Starting epoch 105/150.
lr: 1.4989025404881544e-05
Epoch finished ! Loss: 0.023005693685263395
train_acc:0.9533828633014492 || test_acc:0.9165895360405236
Starting epoch 106/150.
lr: 1.4239574134637466e-05
Epoch finished ! Loss: 0.023246389309254784
train_acc:0.9536447919311414 || test_acc:0.9159265124568851
Starting epoch 107/150.
lr: 1.3527595427905592e-05
Epoch finished ! Loss: 0.02386597152023266
train_acc:0.9538828745289033 || test_acc:0.9181825429151654
Starting epoch 108/150.
lr: 1.2851215656510312e-05
Epoch finished ! Loss: 0.023097014093461137
train_acc:0.9541386672448912 || test_acc:0.913608209560012
Starting epoch 109/150.
lr: 1.2208654873684796e-05
Epoch finished ! Loss: 0.02333284798078239
train_acc:0.9543838577328144 || test_acc:0.9161068628094979
Starting epoch 110/150.
lr: 1.1598222130000555e-05
Epoch finished ! Loss: 0.02396489823392282
train_acc:0.9546026529383658 || test_acc:0.9155232555147125
Starting epoch 111/150.
lr: 1.1018311023500527e-05
Epoch finished ! Loss: 0.023036372615024447
train_acc:0.9548425327781004 || test_acc:0.9129780864141194
Starting epoch 112/150.
lr: 1.04673954723255e-05
Epoch finished ! Loss: 0.023340637523991365
train_acc:0.9550748299240274 || test_acc:0.9158084109647789
Starting epoch 113/150.
lr: 9.944025698709225e-06
Epoch finished ! Loss: 0.023523284277568262
train_acc:0.9552927968147332 || test_acc:0.9159608234782965
Starting epoch 114/150.
lr: 9.446824413773763e-06
Epoch finished ! Loss: 0.023282857922216255
train_acc:0.9555155730295395 || test_acc:0.911399127898841
Starting epoch 115/150.
lr: 8.974483193085074e-06
Epoch finished ! Loss: 0.023321027285419405
train_acc:0.9557362304850564 || test_acc:0.9144498179908559
Starting epoch 116/150.
lr: 8.52575903343082e-06
Epoch finished ! Loss: 0.02308797409447531
train_acc:0.9559564846840634 || test_acc:0.9140001384297161
Starting epoch 117/150.
lr: 8.09947108175928e-06
Epoch finished ! Loss: 0.023218206983680528
train_acc:0.9561700352087505 || test_acc:0.9137936869132551
Starting epoch 118/150.
lr: 7.694497527671315e-06
Epoch finished ! Loss: 0.023140126761669915
train_acc:0.9563812550072132 || test_acc:0.9148571338309621
Starting epoch 119/150.
lr: 7.309772651287749e-06
Epoch finished ! Loss: 0.023105074263488252
train_acc:0.9565876518216843 || test_acc:0.9144052107646232
Starting epoch 120/150.
lr: 6.944284018723361e-06
Epoch finished ! Loss: 0.023120423196814954
train_acc:0.9567906001695226 || test_acc:0.9147528241041606
Checkpoint 120 saved !
Starting epoch 121/150.
lr: 6.597069817787193e-06
Epoch finished ! Loss: 0.023052211850881577
train_acc:0.9569932183682444 || test_acc:0.9143190028063143
Starting epoch 122/150.
lr: 6.267216326897833e-06
Epoch finished ! Loss: 0.023110102435263496
train_acc:0.9571911528059434 || test_acc:0.9149795328023348
Starting epoch 123/150.
lr: 6.267216326897833e-06
Epoch finished ! Loss: 0.0229688355854402
train_acc:0.9573870952128203 || test_acc:0.9134112780536042
Starting epoch 124/150.
lr: 5.953855510552941e-06
Epoch finished ! Loss: 0.023448694963008165
train_acc:0.9575688208002961 || test_acc:0.9144450115173638
Starting epoch 125/150.
lr: 5.6561627350252934e-06
Epoch finished ! Loss: 0.023097556821691494
train_acc:0.9577568747149212 || test_acc:0.9133638897745817
Starting epoch 126/150.
lr: 5.6561627350252934e-06
Epoch finished ! Loss: 0.022771253405759733
train_acc:0.9579492734716482 || test_acc:0.9137461089322525
Starting epoch 127/150.
lr: 5.6561627350252934e-06
Epoch finished ! Loss: 0.022754358865010243
train_acc:0.9581376660358335 || test_acc:0.912706231414363
Starting epoch 128/150.
lr: 5.373354598274029e-06
Epoch finished ! Loss: 0.023294904657329123
train_acc:0.958312007782614 || test_acc:0.9149244071368318
Starting epoch 129/150.
lr: 5.104686868360327e-06
Epoch finished ! Loss: 0.022967880591750145
train_acc:0.9584914785405689 || test_acc:0.9143604366633161
Starting epoch 130/150.
lr: 4.84945252494231e-06
Epoch finished ! Loss: 0.02302504808176309
train_acc:0.9586666621457675 || test_acc:0.914773745652351
Starting epoch 131/150.
lr: 4.6069798986951945e-06
Epoch finished ! Loss: 0.023236246469120186
train_acc:0.9588348261923394 || test_acc:0.9131420205377097
Starting epoch 132/150.
lr: 4.3766309037604346e-06
Epoch finished ! Loss: 0.0230512519289429
train_acc:0.959005759796082 || test_acc:0.9158035392916232
Starting epoch 133/150.
lr: 4.157799358572413e-06
Epoch finished ! Loss: 0.022848179913125932
train_acc:0.9591783881361566 || test_acc:0.917248005468018
Starting epoch 134/150.
lr: 3.949909390643792e-06
Epoch finished ! Loss: 0.023204228064666193
train_acc:0.9593426823762572 || test_acc:0.9163278666180843
Starting epoch 135/150.
lr: 3.7524139211116024e-06
Epoch finished ! Loss: 0.022866290955183406
train_acc:0.9595093200445302 || test_acc:0.9157460649639645
Starting epoch 136/150.
lr: 3.564793225056022e-06
Epoch finished ! Loss: 0.022940456867218018
train_acc:0.9596681305686248 || test_acc:0.9150284231318905
Starting epoch 137/150.
lr: 3.3865535638032207e-06
Epoch finished ! Loss: 0.023532974417321384
train_acc:0.9598163691678651 || test_acc:0.9134622697578377
Starting epoch 138/150.
lr: 3.2172258856130596e-06
Epoch finished ! Loss: 0.02311170888909449
train_acc:0.9599686819917567 || test_acc:0.9138002437674254
Starting epoch 139/150.
lr: 3.0563645913324067e-06
Epoch finished ! Loss: 0.023383473550590377
train_acc:0.9601142175594789 || test_acc:0.9174339756310669
Starting epoch 140/150.
lr: 2.903546361765786e-06
Epoch finished ! Loss: 0.023285759729333222
train_acc:0.9602643923200213 || test_acc:0.9152038769318046
Checkpoint 140 saved !
Starting epoch 141/150.
lr: 2.7583690436774965e-06
Epoch finished ! Loss: 0.02430620618785421
train_acc:0.960392144011006 || test_acc:0.9136467761597751
Starting epoch 142/150.
lr: 2.6204505914936218e-06
Epoch finished ! Loss: 0.02281891682650894
train_acc:0.960543311329685 || test_acc:0.912864640127922
Starting epoch 143/150.
lr: 2.4894280619189404e-06
Epoch finished ! Loss: 0.023478818708099425
train_acc:0.9606789569858157 || test_acc:0.9117085085769071
Starting epoch 144/150.
lr: 2.3649566588229932e-06
Epoch finished ! Loss: 0.023656640706273418
train_acc:0.9608070631349163 || test_acc:0.9141295969840275
Starting epoch 145/150.
lr: 2.2467088258818436e-06
Epoch finished ! Loss: 0.023803402630922694
train_acc:0.9609355810340114 || test_acc:0.9144859032580843
Starting epoch 146/150.
lr: 2.1343733845877514e-06
Epoch finished ! Loss: 0.024119304725900292
train_acc:0.961054300834066 || test_acc:0.9167722202455075
Starting epoch 147/150.
lr: 2.027654715358364e-06
Epoch finished ! Loss: 0.022883635169516008
train_acc:0.961196724884038 || test_acc:0.9138524694157261
Starting epoch 148/150.
lr: 1.9262719795904457e-06
Epoch finished ! Loss: 0.023165234558594722
train_acc:0.9613342648074632 || test_acc:0.916665542236473
Starting epoch 149/150.
lr: 1.8299583806109232e-06
Epoch finished ! Loss: 0.02302398361886541
train_acc:0.9614675376398082 || test_acc:0.9122584997569264
Starting epoch 150/150.
lr: 1.738460461580377e-06
Epoch finished ! Loss: 0.02314348064828664
valid_hd_mean:22.7944
 valid_hd_sd:45.4752
train_acc:0.9615955410442709 || test_acc:0.914638842161381
END epoch150!
输出train每个epoch的loss值:
train_loss_epoch:[0.18735372181981802, 0.14650433184579015, 0.12693928989271322, 0.1174001752709349, 0.1063842677200834, 0.09749776404350996, 0.08897448843345046, 0.08481858251616359, 0.0816905618024369, 0.0748545250389725, 0.07156258767160277, 0.06643123218479256, 0.061110533153017364, 0.05882632189119855, 0.05784512963145971, 0.054739582895611726, 0.05354449440104266, 0.05221210179540018, 0.04868907566803197, 0.046405967169751726, 0.046187236827487745, 0.044722699016953506, 0.04345329625842472, 0.04140715727893015, 0.041311206218476094, 0.03914482224111756, 0.03786514474389454, 0.03983454739985367, 0.039921027685826026, 0.037196113960817456, 0.03562098741531372, 0.034642502355078854, 0.03424131175658355, 0.03308706517176082, 0.03307032100080202, 0.03337469941470772, 0.03193140169605613, 0.030485999731657405, 0.030745706404559314, 0.030188825136671465, 0.03007162637853374, 0.02983960594671468, 0.029038874510054786, 0.028813133753525715, 0.02861659162833045, 0.028293826850131154, 0.02805419359356165, 0.02797756010356049, 0.027677403762936592, 0.02737595548387617, 0.027020681106174987, 0.026600766616563003, 0.027347318284834426, 0.026707536890171468, 0.026089672270851832, 0.026295930806857843, 0.026202331025463838, 0.026212709490209818, 0.025590166333131492, 0.02648698278547575, 0.025450660575491686, 0.025116515113040805, 0.025379444433686633, 0.025011772095846634, 0.024847429051684838, 0.0248600304670011, 0.02470172829149912, 0.024636835519534845, 0.024876547628082335, 0.02452629820133249, 0.02455658485026409, 0.02440789291479935, 0.024274722672998905, 0.02431608414432655, 0.024381754725861054, 0.02459852284907053, 0.024170147565503914, 0.023985500059400994, 0.024451211909763515, 0.02379487905030449, 0.02379788112981866, 0.023943687362285953, 0.023617983795702457, 0.02396527270320803, 0.02344531538741042, 0.02339348231907934, 0.023510097060352564, 0.023556441961166758, 0.02387391306304683, 0.02388433103139202, 0.02401716005988419, 0.023573222492511075, 0.023353846937728424, 0.023520954535342753, 0.023854206083342433, 0.023537507785173755, 0.023511633548575144, 0.02370078267995268, 0.023406661037976544, 0.023544044660714764, 0.023398189068151016, 0.023548888120179374, 0.023137595543327432, 0.02316482807509601, 0.023005693685263395, 0.023246389309254784, 0.02386597152023266, 0.023097014093461137, 0.02333284798078239, 0.02396489823392282, 0.023036372615024447, 0.023340637523991365, 0.023523284277568262, 0.023282857922216255, 0.023321027285419405, 0.02308797409447531, 0.023218206983680528, 0.023140126761669915, 0.023105074263488252, 0.023120423196814954, 0.023052211850881577, 0.023110102435263496, 0.0229688355854402, 0.023448694963008165, 0.023097556821691494, 0.022771253405759733, 0.022754358865010243, 0.023294904657329123, 0.022967880591750145, 0.02302504808176309, 0.023236246469120186, 0.0230512519289429, 0.022848179913125932, 0.023204228064666193, 0.022866290955183406, 0.022940456867218018, 0.023532974417321384, 0.02311170888909449, 0.023383473550590377, 0.023285759729333222, 0.02430620618785421, 0.02281891682650894, 0.023478818708099425, 0.023656640706273418, 0.023803402630922694, 0.024119304725900292, 0.022883635169516008, 0.023165234558594722, 0.02302398361886541, 0.02314348064828664]
输出000valid每个epoch的loss值:
valid_loss_epoch:[]
输出每个epoch的acc值:
train_acc_epoch:[0.5881615067395897, 0.6520912231379896, 0.6911337442836349, 0.715016181627227, 0.7353334610342889, 0.7530218374535349, 0.7687533908441411, 0.7814995430908521, 0.7912446919826173, 0.8012935134807139, 0.8099903331104845, 0.8183208809179621, 0.8265012414010559, 0.8337546570024579, 0.8399575844118131, 0.8457921726466752, 0.850902678917409, 0.8554432852243129, 0.8600837041201034, 0.8645201965769967, 0.8683674466206951, 0.8720854558984942, 0.8754872928544829, 0.8788522369534051, 0.8818238635483723, 0.8848014980775076, 0.8876787212695576, 0.8900224035357102, 0.892119707378371, 0.8943443428983304, 0.8965627470663013, 0.8987029151455886, 0.9007097295875682, 0.9026890976009976, 0.9045237643249163, 0.9062013854469911, 0.9078889236811163, 0.9096110079163189, 0.9111872009275612, 0.9127036861614193, 0.9141528937630685, 0.9155173295036556, 0.9168742118655504, 0.918171780149105, 0.9194082905661884, 0.9206087252854892, 0.9217573693226373, 0.9228550216027551, 0.9239093422257368, 0.9249393724688013, 0.9259544170564937, 0.9269384296135035, 0.9278356157779305, 0.9287389391639869, 0.9296261178243707, 0.9304653400741876, 0.9312814460415093, 0.9320585146909379, 0.9328368424358099, 0.933545743602717, 0.934273635984276, 0.9349901184361483, 0.9356654581585946, 0.93633987798268, 0.9369941682636802, 0.9376360005739475, 0.9382568370999356, 0.9388593096489439, 0.9394405030047746, 0.9400081376714784, 0.9405587804815163, 0.9410995575827509, 0.9416284195588778, 0.9421451078384079, 0.9426366617022998, 0.9431039082868969, 0.9435815120470279, 0.9440496995345893, 0.9444889922304924, 0.9449357844408655, 0.945372450746093, 0.9457938781188974, 0.94621148517163, 0.9466058921482288, 0.9470137523053497, 0.9474093761548585, 0.9477935117678353, 0.9481709091328991, 0.9485258743745361, 0.9488710680689834, 0.9491980196536192, 0.9495395375411405, 0.9498780589810707, 0.9502063064167405, 0.9505134376466009, 0.950820833424872, 0.951127476899291, 0.9514213913749332, 0.9517162963418692, 0.9520054422459687, 0.9522858062857036, 0.9525609617089166, 0.952837219270534, 0.953109558039335, 0.9533828633014492, 0.9536447919311414, 0.9538828745289033, 0.9541386672448912, 0.9543838577328144, 0.9546026529383658, 0.9548425327781004, 0.9550748299240274, 0.9552927968147332, 0.9555155730295395, 0.9557362304850564, 0.9559564846840634, 0.9561700352087505, 0.9563812550072132, 0.9565876518216843, 0.9567906001695226, 0.9569932183682444, 0.9571911528059434, 0.9573870952128203, 0.9575688208002961, 0.9577568747149212, 0.9579492734716482, 0.9581376660358335, 0.958312007782614, 0.9584914785405689, 0.9586666621457675, 0.9588348261923394, 0.959005759796082, 0.9591783881361566, 0.9593426823762572, 0.9595093200445302, 0.9596681305686248, 0.9598163691678651, 0.9599686819917567, 0.9601142175594789, 0.9602643923200213, 0.960392144011006, 0.960543311329685, 0.9606789569858157, 0.9608070631349163, 0.9609355810340114, 0.961054300834066, 0.961196724884038, 0.9613342648074632, 0.9614675376398082, 0.9615955410442709]
 valid_acc_epoch:[0.48535754918426205, 0.7435544268402091, 0.7891910511165195, 0.8055276384815733, 0.8250707200399905, 0.8259246706703469, 0.8456292025135576, 0.8577750904974633, 0.8613566834951469, 0.8501660716419436, 0.8501849757644726, 0.8698865424915981, 0.8740026643666042, 0.8732259108786617, 0.8835716417902403, 0.883533272159112, 0.8837285696538507, 0.881521715499375, 0.8932227769988798, 0.898417024255004, 0.900835870799939, 0.9067916479100321, 0.9017527053978005, 0.8983819757134813, 0.9053637281663854, 0.9014750488716619, 0.909554306526759, 0.9041037670169524, 0.9107485005273012, 0.9104324283200177, 0.9080352544548703, 0.9166021853051965, 0.9091664059578931, 0.9099296230315969, 0.9138559270323113, 0.9075271257142278, 0.9072138246314283, 0.9130992118333322, 0.9127698272067506, 0.9132125603553509, 0.9073785356101722, 0.9098277729518622, 0.9120108173172894, 0.9133030089564896, 0.9078525452101452, 0.9125009448691892, 0.9121078213099856, 0.9142181200857982, 0.9090973818619053, 0.9099381101010166, 0.9103739322002727, 0.9122659122997977, 0.9117739796852922, 0.9107100594107862, 0.9131881605264651, 0.9127614120334467, 0.9120505687903199, 0.9149401066046353, 0.9134173598715608, 0.91139763353973, 0.9133706464655363, 0.9171363978547371, 0.9151000589672591, 0.9153533273014285, 0.9163077746053592, 0.914853907663017, 0.9139252801309424, 0.9168825641728577, 0.9121067550800753, 0.9175344384802496, 0.9128530611280421, 0.915372039390659, 0.9156251958281145, 0.9135737228839543, 0.9122534172756415, 0.9152554088890387, 0.9162102558970348, 0.9166302381220109, 0.9135508844210917, 0.9186785886321911, 0.9152337461991783, 0.91706188167906, 0.9142376095252696, 0.9176962589948918, 0.9148430411162409, 0.9130353261612834, 0.9154341278245559, 0.9144153805475815, 0.9176913060956722, 0.9164552934985901, 0.9144411533737092, 0.910914989062255, 0.9132417679440672, 0.9151163141883413, 0.9178473258723192, 0.9129700145597722, 0.9146000624684442, 0.9167550450803201, 0.9151765979738495, 0.9141687101161166, 0.9150707548465258, 0.9152609882101713, 0.9145620260551904, 0.9135611155355392, 0.9165895360405236, 0.9159265124568851, 0.9181825429151654, 0.913608209560012, 0.9161068628094979, 0.9155232555147125, 0.9129780864141194, 0.9158084109647789, 0.9159608234782965, 0.911399127898841, 0.9144498179908559, 0.9140001384297161, 0.9137936869132551, 0.9148571338309621, 0.9144052107646232, 0.9147528241041606, 0.9143190028063143, 0.9149795328023348, 0.9134112780536042, 0.9144450115173638, 0.9133638897745817, 0.9137461089322525, 0.912706231414363, 0.9149244071368318, 0.9143604366633161, 0.914773745652351, 0.9131420205377097, 0.9158035392916232, 0.917248005468018, 0.9163278666180843, 0.9157460649639645, 0.9150284231318905, 0.9134622697578377, 0.9138002437674254, 0.9174339756310669, 0.9152038769318046, 0.9136467761597751, 0.912864640127922, 0.9117085085769071, 0.9141295969840275, 0.9144859032580843, 0.9167722202455075, 0.9138524694157261, 0.916665542236473, 0.9122584997569264, 0.914638842161381]
输出最后一个epoch的值:
train_acc:0.9615955410442709 
 valid_acc:0.914638842161381


train_iou:0.9808824076225332 
 valid_iou:0.9541016596276237


train_dice:0.9847410376866659 
 valid_dice:0.9570354460045061


Starting epoch 1/150.
lr: 1.738460461580377e-06
Epoch finished ! Loss: 0.17525529225046435
/home/huangjq/PyCharmCode/4_project/1_UNet/B4_attUnetv5.1/utils/criterion.py:111: RuntimeWarning: invalid value encountered in true_divide
  acc_cls = np.diag(hist) / hist.sum(axis=1)
train_acc:0.5717578334543647 || test_acc:0.467312226833755
Starting epoch 2/150.
lr: 1.738460461580377e-06
Epoch finished ! Loss: 0.1322614102003475
train_acc:0.6392052908266694 || test_acc:0.7091082914118757
Starting epoch 3/150.
lr: 1.738460461580377e-06
Epoch finished ! Loss: 0.11333863902837038
train_acc:0.6769486340077685 || test_acc:0.7713373949112206
Starting epoch 4/150.
lr: 1.738460461580377e-06
Epoch finished ! Loss: 0.09929829804847638
train_acc:0.7055143551579063 || test_acc:0.7882473220764117
Starting epoch 5/150.
lr: 1.738460461580377e-06
Epoch finished ! Loss: 0.09115084462488691
train_acc:0.7270162683838289 || test_acc:0.8130625729506676
Starting epoch 6/150.
lr: 1.738460461580377e-06
Epoch finished ! Loss: 0.08148881016920011
train_acc:0.7454104923161393 || test_acc:0.8180850997783667
Starting epoch 7/150.
lr: 1.738460461580377e-06
Epoch finished ! Loss: 0.07639625032121937
train_acc:0.7603024426273214 || test_acc:0.83769135260008
Starting epoch 8/150.
lr: 1.738460461580377e-06
Epoch finished ! Loss: 0.06828869118665655
train_acc:0.7740510277760703 || test_acc:0.8366514318797917
Starting epoch 9/150.
lr: 1.738460461580377e-06
Epoch finished ! Loss: 0.06400042159172396
train_acc:0.7862428531523984 || test_acc:0.8474781517534671
Starting epoch 10/150.
lr: 1.738460461580377e-06
Epoch finished ! Loss: 0.06278695538640022
train_acc:0.7956456890076234 || test_acc:0.8528473804736281
Starting epoch 11/150.
lr: 1.738460461580377e-06
Epoch finished ! Loss: 0.05633030296303332
train_acc:0.8050650993312873 || test_acc:0.8621192773678324
Starting epoch 12/150.
lr: 1.738460461580377e-06
Epoch finished ! Loss: 0.05446336853007475
train_acc:0.8131072454831759 || test_acc:0.8561834598111477
Starting epoch 13/150.
lr: 1.738460461580377e-06
Epoch finished ! Loss: 0.04854755072544018
train_acc:0.8211467638455099 || test_acc:0.8706765512047776
Starting epoch 14/150.
lr: 1.738460461580377e-06
Epoch finished ! Loss: 0.044655372854322195
train_acc:0.8287820498310245 || test_acc:0.8772116685092319
Starting epoch 15/150.
lr: 1.651537438501358e-06
Epoch finished ! Loss: 0.045969442930072546
train_acc:0.8348524380957062 || test_acc:0.8674047431010693
Starting epoch 16/150.
lr: 1.651537438501358e-06
Epoch finished ! Loss: 0.04159286575547109
train_acc:0.8408480600977729 || test_acc:0.8814624559092584
Starting epoch 17/150.
lr: 1.651537438501358e-06
Epoch finished ! Loss: 0.03957031081275394
train_acc:0.8463884507696673 || test_acc:0.8821753409717991
Starting epoch 18/150.
lr: 1.651537438501358e-06
Epoch finished ! Loss: 0.0390535572078079
train_acc:0.8513402733638697 || test_acc:0.8739809597844038
Starting epoch 19/150.
lr: 1.651537438501358e-06
Epoch finished ! Loss: 0.038644120446406305
train_acc:0.8558178585012343 || test_acc:0.8854369765888112
Starting epoch 20/150.
lr: 1.651537438501358e-06
Epoch finished ! Loss: 0.037971071510886155
train_acc:0.8597687554087401 || test_acc:0.8814868038345502
Checkpoint 20 saved !
Starting epoch 21/150.
lr: 1.651537438501358e-06
Epoch finished ! Loss: 0.036157290218397975
train_acc:0.8634671493838467 || test_acc:0.8850928335475843
Starting epoch 22/150.
lr: 1.651537438501358e-06
Epoch finished ! Loss: 0.03473386253851155
train_acc:0.8670651502491764 || test_acc:0.8883978059142944
Starting epoch 23/150.
lr: 1.651537438501358e-06
Epoch finished ! Loss: 0.0346182007730628
train_acc:0.8702696031261592 || test_acc:0.891298898851116
Starting epoch 24/150.
lr: 1.651537438501358e-06
Epoch finished ! Loss: 0.03068198962137103
train_acc:0.8737187202898835 || test_acc:0.8975364439189077
Starting epoch 25/150.
lr: 1.651537438501358e-06
Epoch finished ! Loss: 0.029687849571928382
train_acc:0.8769539553988024 || test_acc:0.9009972132616777
Starting epoch 26/150.
lr: 1.651537438501358e-06
Epoch finished ! Loss: 0.027800486500685413
train_acc:0.8801211534620713 || test_acc:0.8915333517183182
Starting epoch 27/150.
lr: 1.651537438501358e-06
Epoch finished ! Loss: 0.027725966142800946
train_acc:0.8830245216158172 || test_acc:0.8962280162166949
Starting epoch 28/150.
lr: 1.651537438501358e-06
Epoch finished ! Loss: 0.02683942555449903
train_acc:0.8858027820250439 || test_acc:0.8960903682264748
Starting epoch 29/150.
lr: 1.651537438501358e-06
Epoch finished ! Loss: 0.02572546573355794
train_acc:0.8884565878374237 || test_acc:0.8930738443292612
Starting epoch 30/150.
lr: 1.5689605665762901e-06
Epoch finished ! Loss: 0.025817589601501822
train_acc:0.8908975510289074 || test_acc:0.8992010680248258
Starting epoch 31/150.
lr: 1.5689605665762901e-06
Epoch finished ! Loss: 0.02510289669347306
train_acc:0.8932436260514474 || test_acc:0.8936982743295274
Starting epoch 32/150.
lr: 1.4905125382474756e-06
Epoch finished ! Loss: 0.027165723654131096
train_acc:0.8952837003278121 || test_acc:0.9004097798663219
Starting epoch 33/150.
lr: 1.4905125382474756e-06
Epoch finished ! Loss: 0.024921512774502236
train_acc:0.8973262538651386 || test_acc:0.8980732174648491
Starting epoch 34/150.
lr: 1.4905125382474756e-06
Epoch finished ! Loss: 0.02325787829856078
train_acc:0.899384098314646 || test_acc:0.9020197712964644
Starting epoch 35/150.
lr: 1.4905125382474756e-06
Epoch finished ! Loss: 0.022800376056693494
train_acc:0.9013456847799269 || test_acc:0.8994295963531276
Starting epoch 36/150.
lr: 1.4905125382474756e-06
Epoch finished ! Loss: 0.022791903077935178
train_acc:0.9031811227681531 || test_acc:0.9062538178090683
Starting epoch 37/150.
lr: 1.4905125382474756e-06
Epoch finished ! Loss: 0.022124028027368087
train_acc:0.9049542413823743 || test_acc:0.9025490083150799
Starting epoch 38/150.
lr: 1.4905125382474756e-06
Epoch finished ! Loss: 0.02145327111550917
train_acc:0.9066724076838583 || test_acc:0.9052528024553758
Starting epoch 39/150.
lr: 1.4159869113351018e-06
Epoch finished ! Loss: 0.022197674144990742
train_acc:0.9082464951260262 || test_acc:0.9020952692781584
Starting epoch 40/150.
lr: 1.3451875657683467e-06
Epoch finished ! Loss: 0.02237376760846625
train_acc:0.9097085387593985 || test_acc:0.9046785214913872
Checkpoint 40 saved !
Starting epoch 41/150.
lr: 1.3451875657683467e-06
Epoch finished ! Loss: 0.02077934887104978
train_acc:0.9112001728427498 || test_acc:0.9004654683716203
Starting epoch 42/150.
lr: 1.2779281874799292e-06
Epoch finished ! Loss: 0.021460222778841853
train_acc:0.9125689051309619 || test_acc:0.8993676875589606
Starting epoch 43/150.
lr: 1.2140317781059327e-06
Epoch finished ! Loss: 0.02102645389580478
train_acc:0.9138998504018906 || test_acc:0.9007714100915879
Starting epoch 44/150.
lr: 1.2140317781059327e-06
Epoch finished ! Loss: 0.02032542205415666
train_acc:0.9152239678179206 || test_acc:0.9055664637312487
Starting epoch 45/150.
lr: 1.2140317781059327e-06
Epoch finished ! Loss: 0.019643537467345595
train_acc:0.9165109264291209 || test_acc:0.9058613536137213
Starting epoch 46/150.
lr: 1.153330189200636e-06
Epoch finished ! Loss: 0.01977902992318074
train_acc:0.9177314074221398 || test_acc:0.908618944852625
Starting epoch 47/150.
lr: 1.0956636797406041e-06
Epoch finished ! Loss: 0.019650886650197208
train_acc:0.9188982860578716 || test_acc:0.9091544732701039
Starting epoch 48/150.
lr: 1.0956636797406041e-06
Epoch finished ! Loss: 0.01906900468748063
train_acc:0.9200560523256919 || test_acc:0.9102475267706911
Starting epoch 49/150.
lr: 1.0956636797406041e-06
Epoch finished ! Loss: 0.018644902370094012
train_acc:0.9211833555926491 || test_acc:0.9080785444182524
Starting epoch 50/150.
lr: 1.0956636797406041e-06
Epoch finished ! Loss: 0.018414180143736303
train_acc:0.9222703666683698 || test_acc:0.9075790065670626
Starting epoch 51/150.
lr: 1.0408804957535738e-06
Epoch finished ! Loss: 0.018568165289858978
train_acc:0.9233078743151052 || test_acc:0.9081579219458654
Starting epoch 52/150.
lr: 1.0408804957535738e-06
Epoch finished ! Loss: 0.01835926724985863
train_acc:0.9243069008141603 || test_acc:0.9073345058800988
Starting epoch 53/150.
lr: 1.0408804957535738e-06
Epoch finished ! Loss: 0.018115605247051764
train_acc:0.9252810358433408 || test_acc:0.9078061101422796
Starting epoch 54/150.
lr: 1.0408804957535738e-06
Epoch finished ! Loss: 0.01803444845912357
train_acc:0.9262202332577973 || test_acc:0.9089434733171566
Starting epoch 55/150.
lr: 9.88836470965895e-07
Epoch finished ! Loss: 0.018276212659354012
train_acc:0.9271026973752112 || test_acc:0.9030426910715018
Starting epoch 56/150.
lr: 9.88836470965895e-07
Epoch finished ! Loss: 0.017753351208133
train_acc:0.9279789509714237 || test_acc:0.908443506857165
Starting epoch 57/150.
lr: 9.393946474176003e-07
Epoch finished ! Loss: 0.01798939487586419
train_acc:0.9288121220380543 || test_acc:0.9076317837106223
Starting epoch 58/150.
lr: 8.924249150467202e-07
Epoch finished ! Loss: 0.018352610544146348
train_acc:0.9295989563995081 || test_acc:0.9066172055133295
Starting epoch 59/150.
lr: 8.924249150467202e-07
Epoch finished ! Loss: 0.017519973548284423
train_acc:0.9303994009963992 || test_acc:0.9094039563305426
Starting epoch 60/150.
lr: 8.924249150467202e-07
Epoch finished ! Loss: 0.017308358976151794
train_acc:0.9311745288848158 || test_acc:0.9063601433314921
Checkpoint 60 saved !
Starting epoch 61/150.
lr: 8.478036692943841e-07
Epoch finished ! Loss: 0.017600593001892168
train_acc:0.9319131277727263 || test_acc:0.9080431430668909
Starting epoch 62/150.
lr: 8.478036692943841e-07
Epoch finished ! Loss: 0.017252482435045142
train_acc:0.9326419264873871 || test_acc:0.9102706613429702
Starting epoch 63/150.
lr: 8.054134858296649e-07
Epoch finished ! Loss: 0.018900924808500957
train_acc:0.9332794732166566 || test_acc:0.9075724218497669
Starting epoch 64/150.
lr: 8.054134858296649e-07
Epoch finished ! Loss: 0.01705652867288639
train_acc:0.9339723067674958 || test_acc:0.9058696959842181
Starting epoch 65/150.
lr: 7.651428115381816e-07
Epoch finished ! Loss: 0.01753752286701153
train_acc:0.9346111883246415 || test_acc:0.9072192661738148
Starting epoch 66/150.
lr: 7.651428115381816e-07
Epoch finished ! Loss: 0.017008119767221313
train_acc:0.9352605249604576 || test_acc:0.9097397727589178
Starting epoch 67/150.
lr: 7.651428115381816e-07
Epoch finished ! Loss: 0.01680060658448686
train_acc:0.9358967477057738 || test_acc:0.9084886023339196
Starting epoch 68/150.
lr: 7.268856709612725e-07
Epoch finished ! Loss: 0.016890297934878618
train_acc:0.9365051317573312 || test_acc:0.9066454971592711
Starting epoch 69/150.
lr: 6.905413874132088e-07
Epoch finished ! Loss: 0.016929847615150113
train_acc:0.9370970249788453 || test_acc:0.9076182127854178
Starting epoch 70/150.
lr: 6.560143180425484e-07
Epoch finished ! Loss: 0.01713234217216571
train_acc:0.9376598389351151 || test_acc:0.9072652173420616
Starting epoch 71/150.
lr: 6.560143180425484e-07
Epoch finished ! Loss: 0.01653860614169389
train_acc:0.9382333366370617 || test_acc:0.9096799407281956
Starting epoch 72/150.
lr: 6.560143180425484e-07
Epoch finished ! Loss: 0.0163291675853543
train_acc:0.9387987591348014 || test_acc:0.9049662912203498
Starting epoch 73/150.
lr: 6.232136021404209e-07
Epoch finished ! Loss: 0.01650987615964065
train_acc:0.9393399741837544 || test_acc:0.9058925009731223
Starting epoch 74/150.
lr: 5.920529220333999e-07
Epoch finished ! Loss: 0.01649617894630258
train_acc:0.9398694261063221 || test_acc:0.909197181765544
Starting epoch 75/150.
lr: 5.624502759317298e-07
Epoch finished ! Loss: 0.016851807420607656
train_acc:0.9403714126270223 || test_acc:0.9063595113045818
Starting epoch 76/150.
lr: 5.624502759317298e-07
Epoch finished ! Loss: 0.01632161564581717
train_acc:0.9408714452496136 || test_acc:0.9063797526331728
Starting epoch 77/150.
lr: 5.624502759317298e-07
Epoch finished ! Loss: 0.016129984927829355
train_acc:0.9413725598968468 || test_acc:0.908700791604742
Starting epoch 78/150.
lr: 5.343277621351433e-07
Epoch finished ! Loss: 0.016633093628721934
train_acc:0.9418414099443042 || test_acc:0.9104458728652426
Starting epoch 79/150.
lr: 5.343277621351433e-07
Epoch finished ! Loss: 0.01599615659021462
train_acc:0.9423196888982448 || test_acc:0.9039837953255927
Starting epoch 80/150.
lr: 5.343277621351433e-07
Epoch finished ! Loss: 0.015730158619893093
train_acc:0.9427893773519879 || test_acc:0.9104487454308896
Checkpoint 80 saved !
Starting epoch 81/150.
lr: 5.076113740283861e-07
Epoch finished ! Loss: 0.0160912688394698
train_acc:0.9432378645708203 || test_acc:0.9076523125991204
Starting epoch 82/150.
lr: 4.822308053269667e-07
Epoch finished ! Loss: 0.016228957703181852
train_acc:0.9436706297218539 || test_acc:0.9063935547696323
Starting epoch 83/150.
lr: 4.581192650606184e-07
Epoch finished ! Loss: 0.01598672310744102
train_acc:0.9440998280203841 || test_acc:0.9081661450880506
Starting epoch 84/150.
lr: 4.3521330180758747e-07
Epoch finished ! Loss: 0.01593100440610821
train_acc:0.944518269713588 || test_acc:0.9092143002928975
Starting epoch 85/150.
lr: 4.1345263671720807e-07
Epoch finished ! Loss: 0.01603415113640949
train_acc:0.9449265728620706 || test_acc:0.9030975864849082
Starting epoch 86/150.
lr: 3.9278000488134764e-07
Epoch finished ! Loss: 0.01641187145529936
train_acc:0.9453093831977567 || test_acc:0.9051685222346688
Starting epoch 87/150.
lr: 3.7314100463728023e-07
Epoch finished ! Loss: 0.016006977782429505
train_acc:0.9456970385268868 || test_acc:0.9085558760540613
Starting epoch 88/150.
lr: 3.544839544054162e-07
Epoch finished ! Loss: 0.01592809926175202
train_acc:0.9460821810321421 || test_acc:0.9057081582907597
Starting epoch 89/150.
lr: 3.544839544054162e-07
Epoch finished ! Loss: 0.01563440726992364
train_acc:0.9464628142800038 || test_acc:0.9073608314287627
Starting epoch 90/150.
lr: 3.544839544054162e-07
Epoch finished ! Loss: 0.015534397428079197
train_acc:0.9468419801129143 || test_acc:0.9060242986003129
Starting epoch 91/150.
lr: 3.367597566851454e-07
Epoch finished ! Loss: 0.016948321426752955
train_acc:0.9471700360839518 || test_acc:0.9067648324937277
Starting epoch 92/150.
lr: 3.199217688508881e-07
Epoch finished ! Loss: 0.01586136770977949
train_acc:0.9475221978253964 || test_acc:0.906568594969611
Starting epoch 93/150.
lr: 3.0392568040834367e-07
Epoch finished ! Loss: 0.015985467956246186
train_acc:0.9478590224573921 || test_acc:0.9080338460812244
Starting epoch 94/150.
lr: 2.887293963879265e-07
Epoch finished ! Loss: 0.01554092112928629
train_acc:0.9482021981788584 || test_acc:0.9085394304517892
Starting epoch 95/150.
lr: 2.7429292656853013e-07
Epoch finished ! Loss: 0.016187279620983947
train_acc:0.9485279823695651 || test_acc:0.9042697196686358
Starting epoch 96/150.
lr: 2.605782802401036e-07
Epoch finished ! Loss: 0.01590144234554221
train_acc:0.9488521645965954 || test_acc:0.9072494056258656
Starting epoch 97/150.
lr: 2.475493662280984e-07
Epoch finished ! Loss: 0.015787716683310766
train_acc:0.9491670960285159 || test_acc:0.9067251415927076
Starting epoch 98/150.
lr: 2.3517189791669347e-07
Epoch finished ! Loss: 0.015537532919552177
train_acc:0.9494867729982778 || test_acc:0.9074575917468821
Starting epoch 99/150.
lr: 2.234133030208588e-07
Epoch finished ! Loss: 0.01589003628275047
train_acc:0.9497870656979556 || test_acc:0.9065001242146025
Starting epoch 100/150.
lr: 2.1224263786981584e-07
Epoch finished ! Loss: 0.01664347593517353
train_acc:0.9500620701791835 || test_acc:0.905379401480926
Checkpoint 100 saved !
Starting epoch 101/150.
lr: 2.0163050597632503e-07
Epoch finished ! Loss: 0.015686217676072072
train_acc:0.9503550604909797 || test_acc:0.9070371937242749
Starting epoch 102/150.
lr: 1.9154898067750878e-07
Epoch finished ! Loss: 0.015802661053991567
train_acc:0.9506383220998853 || test_acc:0.908259874970182
Starting epoch 103/150.
lr: 1.8197153164363334e-07
Epoch finished ! Loss: 0.015937496228919674
train_acc:0.9509153564925579 || test_acc:0.9075341617278032
Starting epoch 104/150.
lr: 1.8197153164363334e-07
Epoch finished ! Loss: 0.015524423972237855
train_acc:0.9511939364747394 || test_acc:0.9086770331664263
Starting epoch 105/150.
lr: 1.8197153164363334e-07
Epoch finished ! Loss: 0.01546643862578397
train_acc:0.951471558738151 || test_acc:0.9067371697829989
Starting epoch 106/150.
lr: 1.7287295506145167e-07
Epoch finished ! Loss: 0.01596709507672737
train_acc:0.9517307202302916 || test_acc:0.9110151541696099
Starting epoch 107/150.
lr: 1.6422930730837908e-07
Epoch finished ! Loss: 0.015612335254748663
train_acc:0.9519950462536105 || test_acc:0.906530813525848
Starting epoch 108/150.
lr: 1.560178419429601e-07
Epoch finished ! Loss: 0.01560912203664581
train_acc:0.9522514929108892 || test_acc:0.9102555752769965
Starting epoch 109/150.
lr: 1.560178419429601e-07
Epoch finished ! Loss: 0.015207663954546055
train_acc:0.9525155339101846 || test_acc:0.9089752530783424
Starting epoch 110/150.
lr: 1.482169498458121e-07
Epoch finished ! Loss: 0.01556313109661763
train_acc:0.9527659740119682 || test_acc:0.9095761815958955
Starting epoch 111/150.
lr: 1.4080610235352148e-07
Epoch finished ! Loss: 0.015358524028367052
train_acc:0.9530144293182754 || test_acc:0.9093373045080321
Starting epoch 112/150.
lr: 1.337657972358454e-07
Epoch finished ! Loss: 0.01584587717661634
train_acc:0.9532473476603642 || test_acc:0.9076441207940742
Starting epoch 113/150.
lr: 1.2707750737405312e-07
Epoch finished ! Loss: 0.016104891314171255
train_acc:0.9534683716020836 || test_acc:0.9104527484813814
Starting epoch 114/150.
lr: 1.2072363200535045e-07
Epoch finished ! Loss: 0.015911821314754587
train_acc:0.9536908811764705 || test_acc:0.9082130137309153
Starting epoch 115/150.
lr: 1.1468745040508292e-07
Epoch finished ! Loss: 0.015682792737303924
train_acc:0.9539154559683931 || test_acc:0.9102640720729379
Starting epoch 116/150.
lr: 1.0895307788482877e-07
Epoch finished ! Loss: 0.015306047862395644
train_acc:0.9541472294032518 || test_acc:0.90875615566366
Starting epoch 117/150.
lr: 1.0350542399058734e-07
Epoch finished ! Loss: 0.015602246411920836
train_acc:0.9543697513586367 || test_acc:0.9072111597354202
Starting epoch 118/150.
lr: 9.833015279105797e-08
Epoch finished ! Loss: 0.015912918742590893
train_acc:0.9545777734028065 || test_acc:0.907288492811633
Starting epoch 119/150.
lr: 9.341364515150507e-08
Epoch finished ! Loss: 0.015394930048690489
train_acc:0.954793818710762 || test_acc:0.909862417331291
Starting epoch 120/150.
lr: 8.874296289392981e-08
Epoch finished ! Loss: 0.015246814446679005
train_acc:0.9550109405775007 || test_acc:0.9090877856166456
Checkpoint 120 saved !
Starting epoch 121/150.
lr: 8.430581474923332e-08
Epoch finished ! Loss: 0.015257982653565705
train_acc:0.9552243492979596 || test_acc:0.9082804085121594
Starting epoch 122/150.
lr: 8.009052401177165e-08
Epoch finished ! Loss: 0.01667120730659614
train_acc:0.9554056724779315 || test_acc:0.9046154960632623
Starting epoch 123/150.
lr: 7.608599781118306e-08
Epoch finished ! Loss: 0.01544211288758864
train_acc:0.9556074557520677 || test_acc:0.9079245610850912
Starting epoch 124/150.
lr: 7.22816979206239e-08
Epoch finished ! Loss: 0.016217115393374115
train_acc:0.9557895322711334 || test_acc:0.9090305247294782
Starting epoch 125/150.
lr: 6.86676130245927e-08
Epoch finished ! Loss: 0.015964787957879405
train_acc:0.9559756073525685 || test_acc:0.9077367582155534
Starting epoch 126/150.
lr: 6.523423237336307e-08
Epoch finished ! Loss: 0.015932745358441025
train_acc:0.9561561251366822 || test_acc:0.9100400773475649
Starting epoch 127/150.
lr: 6.197252075469491e-08
Epoch finished ! Loss: 0.01525050822723036
train_acc:0.9563467918050189 || test_acc:0.9084649310039753
Starting epoch 128/150.
lr: 5.887389471696016e-08
Epoch finished ! Loss: 0.015406762793039283
train_acc:0.956534205656491 || test_acc:0.9066969853612469
Starting epoch 129/150.
lr: 5.593019998111215e-08
Epoch finished ! Loss: 0.015905238086512934
train_acc:0.9567098093870403 || test_acc:0.9061066478589185
Starting epoch 130/150.
lr: 5.313368998205654e-08
Epoch finished ! Loss: 0.01526072456423814
train_acc:0.9568935789715779 || test_acc:0.9081988478173255
Starting epoch 131/150.
lr: 5.047700548295371e-08
Epoch finished ! Loss: 0.015319661896986267
train_acc:0.9570732586012133 || test_acc:0.9089077727119584
Starting epoch 132/150.
lr: 4.795315520880602e-08
Epoch finished ! Loss: 0.01534982033384343
train_acc:0.9572487737990283 || test_acc:0.9096836759086256
Starting epoch 133/150.
lr: 4.5555497448365717e-08
Epoch finished ! Loss: 0.015572426782455295
train_acc:0.9574171867851792 || test_acc:0.9089578588728674
Starting epoch 134/150.
lr: 4.327772257594743e-08
Epoch finished ! Loss: 0.01572452667945375
train_acc:0.9575816119694321 || test_acc:0.9078306451618553
Starting epoch 135/150.
lr: 4.111383644715006e-08
Epoch finished ! Loss: 0.01537756777058045
train_acc:0.9577532364338308 || test_acc:0.910733399125424
Starting epoch 136/150.
lr: 3.905814462479255e-08
Epoch finished ! Loss: 0.015538668531614045
train_acc:0.9579153798394563 || test_acc:0.9085810157510682
Starting epoch 137/150.
lr: 3.710523739355292e-08
Epoch finished ! Loss: 0.015254818795559308
train_acc:0.9580820926672353 || test_acc:0.9092039708313809
Starting epoch 138/150.
lr: 3.5249975523875276e-08
Epoch finished ! Loss: 0.015570171778866401
train_acc:0.9582391705139709 || test_acc:0.9086930626820242
Starting epoch 139/150.
lr: 3.348747674768151e-08
Epoch finished ! Loss: 0.015919622130847227
train_acc:0.9583863636648845 || test_acc:0.9070657344244523
Starting epoch 140/150.
lr: 3.181310291029743e-08
Epoch finished ! Loss: 0.015762574815501768
train_acc:0.9585347745757908 || test_acc:0.9078154374708087
Checkpoint 140 saved !
Starting epoch 141/150.
lr: 3.022244776478256e-08
Epoch finished ! Loss: 0.0160058422285753
train_acc:0.9586760913343851 || test_acc:0.9107939972017179
Starting epoch 142/150.
lr: 3.022244776478256e-08
Epoch finished ! Loss: 0.015100026037544012
train_acc:0.9588342802827935 || test_acc:0.9070939998772102
Starting epoch 143/150.
lr: 2.871132537654343e-08
Epoch finished ! Loss: 0.01660076870272557
train_acc:0.958966509211128 || test_acc:0.909674147943296
Starting epoch 144/150.
lr: 2.7275759107716258e-08
Epoch finished ! Loss: 0.01519573136465624
train_acc:0.9591200081567508 || test_acc:0.9100972406052275
Starting epoch 145/150.
lr: 2.5911971152330443e-08
Epoch finished ! Loss: 0.015459710576881966
train_acc:0.9592637216942467 || test_acc:0.9085603259598618
Starting epoch 146/150.
lr: 2.461637259471392e-08
Epoch finished ! Loss: 0.01582621121391033
train_acc:0.9593977078247209 || test_acc:0.9072163569970709
Starting epoch 147/150.
lr: 2.461637259471392e-08
Epoch finished ! Loss: 0.015051149627349028
train_acc:0.9595455577228058 || test_acc:0.9088168092977441
Starting epoch 148/150.
lr: 2.338555396497822e-08
Epoch finished ! Loss: 0.01563146780245006
train_acc:0.9596800094487732 || test_acc:0.9074067139293274
Starting epoch 149/150.
lr: 2.221627626672931e-08
Epoch finished ! Loss: 0.015381336076340327
train_acc:0.9598191787879395 || test_acc:0.9057185377041701
Starting epoch 150/150.
lr: 2.1105462453392842e-08
Epoch finished ! Loss: 0.015612603650273135
